# JRE version: OpenJDK Runtime Environment Temurin-17.0.14+7 (17.0.14+7) (build 17.0.14+7)
# Java VM: OpenJDK 64-Bit Server VM Temurin-17.0.14+7 (17.0.14+7, mixed mode, sharing, tiered, compressed oops, compressed class ptrs, g1 gc, windows-amd64)
GC Precious Log:
 CPUs: 4 total, 4 available
 Memory: 7987M
 Large Page Support: Disabled
 NUMA Support: Disabled
 Compressed Oops: Enabled (32-bit)
 Heap Region Size: 1M
 Heap Min Capacity: 8M
 Heap Initial Capacity: 126M
 Heap Max Capacity: 2G
 Pre-touch: Disabled
 Parallel Workers: 4
 Concurrent Workers: 1
 Concurrent Refinement Workers: 4
 Periodic GC: Disabled
Heap:
 garbage-first heap   total 440320K, used 202751K [0x0000000080000000, 0x0000000100000000)
  region size 1024K, 35 young (35840K), 20 survivors (20480K)
 Metaspace       used 102100K, committed 103808K, reserved 557056K
  class space    used 14382K, committed 15104K, reserved 425984K
GC Heap History (20 events):
Event: 28.264 GC heap before
{Heap before GC invocations=46 (full 0):
 garbage-first heap   total 220160K, used 114229K [0x0000000080000000, 0x0000000100000000)
  region size 1024K, 10 young (10240K), 8 survivors (8192K)
 Metaspace       used 83776K, committed 84800K, reserved 557056K
  class space    used 11635K, committed 12096K, reserved 425984K
}
Event: 28.272 GC heap after
{Heap after GC invocations=47 (full 0):
 garbage-first heap   total 220160K, used 112413K [0x0000000080000000, 0x0000000100000000)
  region size 1024K, 1 young (1024K), 1 survivors (1024K)
 Metaspace       used 83776K, committed 84800K, reserved 557056K
  class space    used 11635K, committed 12096K, reserved 425984K
}
Event: 34.216 GC heap before
{Heap before GC invocations=47 (full 0):
 garbage-first heap   total 220160K, used 176925K [0x0000000080000000, 0x0000000100000000)
  region size 1024K, 64 young (65536K), 1 survivors (1024K)
 Metaspace       used 87217K, committed 88256K, reserved 557056K
  class space    used 12122K, committed 12608K, reserved 425984K
}
Event: 34.220 GC heap after
{Heap after GC invocations=48 (full 0):
 garbage-first heap   total 220160K, used 114859K [0x0000000080000000, 0x0000000100000000)
  region size 1024K, 4 young (4096K), 4 survivors (4096K)
 Metaspace       used 87217K, committed 88256K, reserved 557056K
  class space    used 12122K, committed 12608K, reserved 425984K
}
Event: 34.961 GC heap before
{Heap before GC invocations=49 (full 0):
 garbage-first heap   total 220160K, used 179371K [0x0000000080000000, 0x0000000100000000)
  region size 1024K, 67 young (68608K), 4 survivors (4096K)
 Metaspace       used 90893K, committed 91968K, reserved 557056K
  class space    used 12789K, committed 13312K, reserved 425984K
}
Event: 34.967 GC heap after
{Heap after GC invocations=50 (full 0):
 garbage-first heap   total 220160K, used 116492K [0x0000000080000000, 0x0000000100000000)
  region size 1024K, 5 young (5120K), 5 survivors (5120K)
 Metaspace       used 90893K, committed 91968K, reserved 557056K
  class space    used 12789K, committed 13312K, reserved 425984K
}
Event: 35.081 GC heap before
{Heap before GC invocations=50 (full 0):
 garbage-first heap   total 220160K, used 120588K [0x0000000080000000, 0x0000000100000000)
  region size 1024K, 10 young (10240K), 5 survivors (5120K)
 Metaspace       used 91134K, committed 92160K, reserved 557056K
  class space    used 12817K, committed 13312K, reserved 425984K
}
Event: 35.087 GC heap after
{Heap after GC invocations=51 (full 0):
 garbage-first heap   total 220160K, used 116664K [0x0000000080000000, 0x0000000100000000)
  region size 1024K, 1 young (1024K), 1 survivors (1024K)
 Metaspace       used 91134K, committed 92160K, reserved 557056K
  class space    used 12817K, committed 13312K, reserved 425984K
}
Event: 41.311 GC heap before
{Heap before GC invocations=51 (full 0):
 garbage-first heap   total 220160K, used 181176K [0x0000000080000000, 0x0000000100000000)
  region size 1024K, 64 young (65536K), 1 survivors (1024K)
 Metaspace       used 93646K, committed 94784K, reserved 557056K
  class space    used 13155K, committed 13696K, reserved 425984K
}
Event: 41.320 GC heap after
{Heap after GC invocations=52 (full 0):
 garbage-first heap   total 220160K, used 121106K [0x0000000080000000, 0x0000000100000000)
  region size 1024K, 6 young (6144K), 6 survivors (6144K)
 Metaspace       used 93646K, committed 94784K, reserved 557056K
  class space    used 13155K, committed 13696K, reserved 425984K
}
Event: 42.471 GC heap before
{Heap before GC invocations=53 (full 0):
 garbage-first heap   total 220160K, used 181522K [0x0000000080000000, 0x0000000100000000)
  region size 1024K, 65 young (66560K), 6 survivors (6144K)
 Metaspace       used 95381K, committed 96512K, reserved 557056K
  class space    used 13477K, committed 14016K, reserved 425984K
}
Event: 42.482 GC heap after
{Heap after GC invocations=54 (full 0):
 garbage-first heap   total 220160K, used 126975K [0x0000000080000000, 0x0000000100000000)
  region size 1024K, 6 young (6144K), 6 survivors (6144K)
 Metaspace       used 95381K, committed 96512K, reserved 557056K
  class space    used 13477K, committed 14016K, reserved 425984K
}
Event: 42.516 GC heap before
{Heap before GC invocations=54 (full 0):
 garbage-first heap   total 220160K, used 131071K [0x0000000080000000, 0x0000000100000000)
  region size 1024K, 10 young (10240K), 6 survivors (6144K)
 Metaspace       used 95427K, committed 96512K, reserved 557056K
  class space    used 13485K, committed 14016K, reserved 425984K
}
Event: 42.527 GC heap after
{Heap after GC invocations=55 (full 0):
 garbage-first heap   total 220160K, used 127384K [0x0000000080000000, 0x0000000100000000)
  region size 1024K, 1 young (1024K), 1 survivors (1024K)
 Metaspace       used 95427K, committed 96512K, reserved 557056K
  class space    used 13485K, committed 14016K, reserved 425984K
}
Event: 43.619 GC heap before
{Heap before GC invocations=55 (full 0):
 garbage-first heap   total 220160K, used 181656K [0x0000000080000000, 0x0000000100000000)
  region size 1024K, 55 young (56320K), 1 survivors (1024K)
 Metaspace       used 96171K, committed 97408K, reserved 557056K
  class space    used 13583K, committed 14144K, reserved 425984K
}
Event: 43.630 GC heap after
{Heap after GC invocations=56 (full 0):
 garbage-first heap   total 440320K, used 136465K [0x0000000080000000, 0x0000000100000000)
  region size 1024K, 7 young (7168K), 7 survivors (7168K)
 Metaspace       used 96171K, committed 97408K, reserved 557056K
  class space    used 13583K, committed 14144K, reserved 425984K
}
Event: 46.700 GC heap before
{Heap before GC invocations=56 (full 0):
 garbage-first heap   total 440320K, used 348433K [0x0000000080000000, 0x0000000100000000)
  region size 1024K, 214 young (219136K), 7 survivors (7168K)
 Metaspace       used 98462K, committed 99968K, reserved 557056K
  class space    used 13895K, committed 14528K, reserved 425984K
}
Event: 46.738 GC heap after
{Heap after GC invocations=57 (full 0):
 garbage-first heap   total 440320K, used 169748K [0x0000000080000000, 0x0000000100000000)
  region size 1024K, 27 young (27648K), 27 survivors (27648K)
 Metaspace       used 98462K, committed 99968K, reserved 557056K
  class space    used 13895K, committed 14528K, reserved 425984K
}
Event: 48.908 GC heap before
{Heap before GC invocations=57 (full 0):
 garbage-first heap   total 440320K, used 315156K [0x0000000080000000, 0x0000000100000000)
  region size 1024K, 170 young (174080K), 27 survivors (27648K)
 Metaspace       used 101666K, committed 103296K, reserved 557056K
  class space    used 14313K, committed 15040K, reserved 425984K
}
Event: 48.972 GC heap after
{Heap after GC invocations=58 (full 0):
 garbage-first heap   total 440320K, used 188415K [0x0000000080000000, 0x0000000100000000)
  region size 1024K, 20 young (20480K), 20 survivors (20480K)
 Metaspace       used 101666K, committed 103296K, reserved 557056K
  class space    used 14313K, committed 15040K, reserved 425984K
}

