# JRE version: OpenJDK Runtime Environment Temurin-21.0.6+7 (21.0.6+7) (build 21.0.6+7-LTS)
# Java VM: OpenJDK 64-Bit Server VM Temurin-21.0.6+7 (21.0.6+7-LTS, mixed mode, sharing, tiered, compressed oops, compressed class ptrs, parallel gc, windows-amd64)
GC Precious Log:
 CardTable entry size: 512
 CPUs: 4 total, 4 available
 Memory: 7987M
 Large Page Support: Disabled
 NUMA Support: Disabled
 Compressed Oops: Enabled (32-bit)
 Alignments: Space 512K, Generation 512K, Heap 2M
 Heap Min Capacity: 100M
 Heap Initial Capacity: 100M
 Heap Max Capacity: 1G
 Pre-touch: Disabled
 Parallel Workers: 4
Heap:
 PSYoungGen      total 20480K, used 10864K [0x00000000eab00000, 0x00000000ec280000, 0x0000000100000000)
  eden space 19968K, 52% used [0x00000000eab00000,0x00000000eb530110,0x00000000ebe80000)
  from space 512K, 84% used [0x00000000ec200000,0x00000000ec26c020,0x00000000ec280000)
  to   space 512K, 0% used [0x00000000ec180000,0x00000000ec180000,0x00000000ec200000)
 ParOldGen       total 68608K, used 40193K [0x00000000c0000000, 0x00000000c4300000, 0x00000000eab00000)
  object space 68608K, 58% used [0x00000000c0000000,0x00000000c27404e0,0x00000000c4300000)
 Metaspace       used 63002K, committed 64448K, reserved 1114112K
  class space    used 7731K, committed 8384K, reserved 1048576K
GC Heap History (20 events):
Event: 68.463 GC heap before
{Heap before GC invocations=76 (full 3):
 PSYoungGen      total 20480K, used 20096K [0x00000000eab00000, 0x00000000ec280000, 0x0000000100000000)
  eden space 19968K, 100% used [0x00000000eab00000,0x00000000ebe80000,0x00000000ebe80000)
  from space 512K, 25% used [0x00000000ec200000,0x00000000ec220000,0x00000000ec280000)
  to   space 512K, 0% used [0x00000000ec180000,0x00000000ec180000,0x00000000ec200000)
 ParOldGen       total 68608K, used 40057K [0x00000000c0000000, 0x00000000c4300000, 0x00000000eab00000)
  object space 68608K, 58% used [0x00000000c0000000,0x00000000c271e4e0,0x00000000c4300000)
 Metaspace       used 62260K, committed 63680K, reserved 1114112K
  class space    used 7628K, committed 8256K, reserved 1048576K
}
Event: 68.464 GC heap after
{Heap after GC invocations=76 (full 3):
 PSYoungGen      total 20480K, used 96K [0x00000000eab00000, 0x00000000ec280000, 0x0000000100000000)
  eden space 19968K, 0% used [0x00000000eab00000,0x00000000eab00000,0x00000000ebe80000)
  from space 512K, 18% used [0x00000000ec180000,0x00000000ec198000,0x00000000ec200000)
  to   space 512K, 0% used [0x00000000ec200000,0x00000000ec200000,0x00000000ec280000)
 ParOldGen       total 68608K, used 40065K [0x00000000c0000000, 0x00000000c4300000, 0x00000000eab00000)
  object space 68608K, 58% used [0x00000000c0000000,0x00000000c27204e0,0x00000000c4300000)
 Metaspace       used 62260K, committed 63680K, reserved 1114112K
  class space    used 7628K, committed 8256K, reserved 1048576K
}
Event: 68.715 GC heap before
{Heap before GC invocations=77 (full 3):
 PSYoungGen      total 20480K, used 20063K [0x00000000eab00000, 0x00000000ec280000, 0x0000000100000000)
  eden space 19968K, 99% used [0x00000000eab00000,0x00000000ebe7ffa0,0x00000000ebe80000)
  from space 512K, 18% used [0x00000000ec180000,0x00000000ec198000,0x00000000ec200000)
  to   space 512K, 0% used [0x00000000ec200000,0x00000000ec200000,0x00000000ec280000)
 ParOldGen       total 68608K, used 40065K [0x00000000c0000000, 0x00000000c4300000, 0x00000000eab00000)
  object space 68608K, 58% used [0x00000000c0000000,0x00000000c27204e0,0x00000000c4300000)
 Metaspace       used 62260K, committed 63680K, reserved 1114112K
  class space    used 7628K, committed 8256K, reserved 1048576K
}
Event: 68.715 GC heap after
{Heap after GC invocations=77 (full 3):
 PSYoungGen      total 20480K, used 96K [0x00000000eab00000, 0x00000000ec280000, 0x0000000100000000)
  eden space 19968K, 0% used [0x00000000eab00000,0x00000000eab00000,0x00000000ebe80000)
  from space 512K, 18% used [0x00000000ec200000,0x00000000ec218000,0x00000000ec280000)
  to   space 512K, 0% used [0x00000000ec180000,0x00000000ec180000,0x00000000ec200000)
 ParOldGen       total 68608K, used 40081K [0x00000000c0000000, 0x00000000c4300000, 0x00000000eab00000)
  object space 68608K, 58% used [0x00000000c0000000,0x00000000c27244e0,0x00000000c4300000)
 Metaspace       used 62260K, committed 63680K, reserved 1114112K
  class space    used 7628K, committed 8256K, reserved 1048576K
}
Event: 68.876 GC heap before
{Heap before GC invocations=78 (full 3):
 PSYoungGen      total 20480K, used 20064K [0x00000000eab00000, 0x00000000ec280000, 0x0000000100000000)
  eden space 19968K, 100% used [0x00000000eab00000,0x00000000ebe80000,0x00000000ebe80000)
  from space 512K, 18% used [0x00000000ec200000,0x00000000ec218000,0x00000000ec280000)
  to   space 512K, 0% used [0x00000000ec180000,0x00000000ec180000,0x00000000ec200000)
 ParOldGen       total 68608K, used 40081K [0x00000000c0000000, 0x00000000c4300000, 0x00000000eab00000)
  object space 68608K, 58% used [0x00000000c0000000,0x00000000c27244e0,0x00000000c4300000)
 Metaspace       used 62270K, committed 63680K, reserved 1114112K
  class space    used 7628K, committed 8256K, reserved 1048576K
}
Event: 68.876 GC heap after
{Heap after GC invocations=78 (full 3):
 PSYoungGen      total 20480K, used 96K [0x00000000eab00000, 0x00000000ec280000, 0x0000000100000000)
  eden space 19968K, 0% used [0x00000000eab00000,0x00000000eab00000,0x00000000ebe80000)
  from space 512K, 18% used [0x00000000ec180000,0x00000000ec198000,0x00000000ec200000)
  to   space 512K, 0% used [0x00000000ec200000,0x00000000ec200000,0x00000000ec280000)
 ParOldGen       total 68608K, used 40089K [0x00000000c0000000, 0x00000000c4300000, 0x00000000eab00000)
  object space 68608K, 58% used [0x00000000c0000000,0x00000000c27264e0,0x00000000c4300000)
 Metaspace       used 62270K, committed 63680K, reserved 1114112K
  class space    used 7628K, committed 8256K, reserved 1048576K
}
Event: 69.082 GC heap before
{Heap before GC invocations=79 (full 3):
 PSYoungGen      total 20480K, used 20064K [0x00000000eab00000, 0x00000000ec280000, 0x0000000100000000)
  eden space 19968K, 100% used [0x00000000eab00000,0x00000000ebe80000,0x00000000ebe80000)
  from space 512K, 18% used [0x00000000ec180000,0x00000000ec198000,0x00000000ec200000)
  to   space 512K, 0% used [0x00000000ec200000,0x00000000ec200000,0x00000000ec280000)
 ParOldGen       total 68608K, used 40089K [0x00000000c0000000, 0x00000000c4300000, 0x00000000eab00000)
  object space 68608K, 58% used [0x00000000c0000000,0x00000000c27264e0,0x00000000c4300000)
 Metaspace       used 62273K, committed 63680K, reserved 1114112K
  class space    used 7628K, committed 8256K, reserved 1048576K
}
Event: 69.083 GC heap after
{Heap after GC invocations=79 (full 3):
 PSYoungGen      total 20480K, used 128K [0x00000000eab00000, 0x00000000ec280000, 0x0000000100000000)
  eden space 19968K, 0% used [0x00000000eab00000,0x00000000eab00000,0x00000000ebe80000)
  from space 512K, 25% used [0x00000000ec200000,0x00000000ec220000,0x00000000ec280000)
  to   space 512K, 0% used [0x00000000ec180000,0x00000000ec180000,0x00000000ec200000)
 ParOldGen       total 68608K, used 40113K [0x00000000c0000000, 0x00000000c4300000, 0x00000000eab00000)
  object space 68608K, 58% used [0x00000000c0000000,0x00000000c272c4e0,0x00000000c4300000)
 Metaspace       used 62273K, committed 63680K, reserved 1114112K
  class space    used 7628K, committed 8256K, reserved 1048576K
}
Event: 69.168 GC heap before
{Heap before GC invocations=80 (full 3):
 PSYoungGen      total 20480K, used 20096K [0x00000000eab00000, 0x00000000ec280000, 0x0000000100000000)
  eden space 19968K, 100% used [0x00000000eab00000,0x00000000ebe80000,0x00000000ebe80000)
  from space 512K, 25% used [0x00000000ec200000,0x00000000ec220000,0x00000000ec280000)
  to   space 512K, 0% used [0x00000000ec180000,0x00000000ec180000,0x00000000ec200000)
 ParOldGen       total 68608K, used 40113K [0x00000000c0000000, 0x00000000c4300000, 0x00000000eab00000)
  object space 68608K, 58% used [0x00000000c0000000,0x00000000c272c4e0,0x00000000c4300000)
 Metaspace       used 62273K, committed 63680K, reserved 1114112K
  class space    used 7628K, committed 8256K, reserved 1048576K
}
Event: 69.169 GC heap after
{Heap after GC invocations=80 (full 3):
 PSYoungGen      total 20480K, used 96K [0x00000000eab00000, 0x00000000ec280000, 0x0000000100000000)
  eden space 19968K, 0% used [0x00000000eab00000,0x00000000eab00000,0x00000000ebe80000)
  from space 512K, 18% used [0x00000000ec180000,0x00000000ec198000,0x00000000ec200000)
  to   space 512K, 0% used [0x00000000ec200000,0x00000000ec200000,0x00000000ec280000)
 ParOldGen       total 68608K, used 40137K [0x00000000c0000000, 0x00000000c4300000, 0x00000000eab00000)
  object space 68608K, 58% used [0x00000000c0000000,0x00000000c27324e0,0x00000000c4300000)
 Metaspace       used 62273K, committed 63680K, reserved 1114112K
  class space    used 7628K, committed 8256K, reserved 1048576K
}
Event: 69.299 GC heap before
{Heap before GC invocations=81 (full 3):
 PSYoungGen      total 20480K, used 20064K [0x00000000eab00000, 0x00000000ec280000, 0x0000000100000000)
  eden space 19968K, 100% used [0x00000000eab00000,0x00000000ebe80000,0x00000000ebe80000)
  from space 512K, 18% used [0x00000000ec180000,0x00000000ec198000,0x00000000ec200000)
  to   space 512K, 0% used [0x00000000ec200000,0x00000000ec200000,0x00000000ec280000)
 ParOldGen       total 68608K, used 40137K [0x00000000c0000000, 0x00000000c4300000, 0x00000000eab00000)
  object space 68608K, 58% used [0x00000000c0000000,0x00000000c27324e0,0x00000000c4300000)
 Metaspace       used 62273K, committed 63680K, reserved 1114112K
  class space    used 7628K, committed 8256K, reserved 1048576K
}
Event: 69.300 GC heap after
{Heap after GC invocations=81 (full 3):
 PSYoungGen      total 20480K, used 64K [0x00000000eab00000, 0x00000000ec280000, 0x0000000100000000)
  eden space 19968K, 0% used [0x00000000eab00000,0x00000000eab00000,0x00000000ebe80000)
  from space 512K, 12% used [0x00000000ec200000,0x00000000ec210000,0x00000000ec280000)
  to   space 512K, 0% used [0x00000000ec180000,0x00000000ec180000,0x00000000ec200000)
 ParOldGen       total 68608K, used 40153K [0x00000000c0000000, 0x00000000c4300000, 0x00000000eab00000)
  object space 68608K, 58% used [0x00000000c0000000,0x00000000c27364e0,0x00000000c4300000)
 Metaspace       used 62273K, committed 63680K, reserved 1114112K
  class space    used 7628K, committed 8256K, reserved 1048576K
}
Event: 69.422 GC heap before
{Heap before GC invocations=82 (full 3):
 PSYoungGen      total 20480K, used 20032K [0x00000000eab00000, 0x00000000ec280000, 0x0000000100000000)
  eden space 19968K, 100% used [0x00000000eab00000,0x00000000ebe80000,0x00000000ebe80000)
  from space 512K, 12% used [0x00000000ec200000,0x00000000ec210000,0x00000000ec280000)
  to   space 512K, 0% used [0x00000000ec180000,0x00000000ec180000,0x00000000ec200000)
 ParOldGen       total 68608K, used 40153K [0x00000000c0000000, 0x00000000c4300000, 0x00000000eab00000)
  object space 68608K, 58% used [0x00000000c0000000,0x00000000c27364e0,0x00000000c4300000)
 Metaspace       used 62279K, committed 63680K, reserved 1114112K
  class space    used 7628K, committed 8256K, reserved 1048576K
}
Event: 69.422 GC heap after
{Heap after GC invocations=82 (full 3):
 PSYoungGen      total 20480K, used 128K [0x00000000eab00000, 0x00000000ec280000, 0x0000000100000000)
  eden space 19968K, 0% used [0x00000000eab00000,0x00000000eab00000,0x00000000ebe80000)
  from space 512K, 25% used [0x00000000ec180000,0x00000000ec1a0000,0x00000000ec200000)
  to   space 512K, 0% used [0x00000000ec200000,0x00000000ec200000,0x00000000ec280000)
 ParOldGen       total 68608K, used 40161K [0x00000000c0000000, 0x00000000c4300000, 0x00000000eab00000)
  object space 68608K, 58% used [0x00000000c0000000,0x00000000c27384e0,0x00000000c4300000)
 Metaspace       used 62279K, committed 63680K, reserved 1114112K
  class space    used 7628K, committed 8256K, reserved 1048576K
}
Event: 69.601 GC heap before
{Heap before GC invocations=83 (full 3):
 PSYoungGen      total 20480K, used 20096K [0x00000000eab00000, 0x00000000ec280000, 0x0000000100000000)
  eden space 19968K, 100% used [0x00000000eab00000,0x00000000ebe80000,0x00000000ebe80000)
  from space 512K, 25% used [0x00000000ec180000,0x00000000ec1a0000,0x00000000ec200000)
  to   space 512K, 0% used [0x00000000ec200000,0x00000000ec200000,0x00000000ec280000)
 ParOldGen       total 68608K, used 40161K [0x00000000c0000000, 0x00000000c4300000, 0x00000000eab00000)
  object space 68608K, 58% used [0x00000000c0000000,0x00000000c27384e0,0x00000000c4300000)
 Metaspace       used 62280K, committed 63680K, reserved 1114112K
  class space    used 7628K, committed 8256K, reserved 1048576K
}
Event: 69.602 GC heap after
{Heap after GC invocations=83 (full 3):
 PSYoungGen      total 20480K, used 96K [0x00000000eab00000, 0x00000000ec280000, 0x0000000100000000)
  eden space 19968K, 0% used [0x00000000eab00000,0x00000000eab00000,0x00000000ebe80000)
  from space 512K, 18% used [0x00000000ec200000,0x00000000ec218000,0x00000000ec280000)
  to   space 512K, 0% used [0x00000000ec180000,0x00000000ec180000,0x00000000ec200000)
 ParOldGen       total 68608K, used 40177K [0x00000000c0000000, 0x00000000c4300000, 0x00000000eab00000)
  object space 68608K, 58% used [0x00000000c0000000,0x00000000c273c4e0,0x00000000c4300000)
 Metaspace       used 62280K, committed 63680K, reserved 1114112K
  class space    used 7628K, committed 8256K, reserved 1048576K
}
Event: 70.158 GC heap before
{Heap before GC invocations=84 (full 3):
 PSYoungGen      total 20480K, used 20064K [0x00000000eab00000, 0x00000000ec280000, 0x0000000100000000)
  eden space 19968K, 100% used [0x00000000eab00000,0x00000000ebe80000,0x00000000ebe80000)
  from space 512K, 18% used [0x00000000ec200000,0x00000000ec218000,0x00000000ec280000)
  to   space 512K, 0% used [0x00000000ec180000,0x00000000ec180000,0x00000000ec200000)
 ParOldGen       total 68608K, used 40177K [0x00000000c0000000, 0x00000000c4300000, 0x00000000eab00000)
  object space 68608K, 58% used [0x00000000c0000000,0x00000000c273c4e0,0x00000000c4300000)
 Metaspace       used 62280K, committed 63680K, reserved 1114112K
  class space    used 7628K, committed 8256K, reserved 1048576K
}
Event: 70.159 GC heap after
{Heap after GC invocations=84 (full 3):
 PSYoungGen      total 20480K, used 96K [0x00000000eab00000, 0x00000000ec280000, 0x0000000100000000)
  eden space 19968K, 0% used [0x00000000eab00000,0x00000000eab00000,0x00000000ebe80000)
  from space 512K, 18% used [0x00000000ec180000,0x00000000ec198000,0x00000000ec200000)
  to   space 512K, 0% used [0x00000000ec200000,0x00000000ec200000,0x00000000ec280000)
 ParOldGen       total 68608K, used 40177K [0x00000000c0000000, 0x00000000c4300000, 0x00000000eab00000)
  object space 68608K, 58% used [0x00000000c0000000,0x00000000c273c4e0,0x00000000c4300000)
 Metaspace       used 62280K, committed 63680K, reserved 1114112K
  class space    used 7628K, committed 8256K, reserved 1048576K
}
Event: 71.462 GC heap before
{Heap before GC invocations=85 (full 3):
 PSYoungGen      total 20480K, used 20046K [0x00000000eab00000, 0x00000000ec280000, 0x0000000100000000)
  eden space 19968K, 99% used [0x00000000eab00000,0x00000000ebe7ba88,0x00000000ebe80000)
  from space 512K, 18% used [0x00000000ec180000,0x00000000ec198000,0x00000000ec200000)
  to   space 512K, 0% used [0x00000000ec200000,0x00000000ec200000,0x00000000ec280000)
 ParOldGen       total 68608K, used 40177K [0x00000000c0000000, 0x00000000c4300000, 0x00000000eab00000)
  object space 68608K, 58% used [0x00000000c0000000,0x00000000c273c4e0,0x00000000c4300000)
 Metaspace       used 62437K, committed 63808K, reserved 1114112K
  class space    used 7654K, committed 8256K, reserved 1048576K
}
Event: 71.464 GC heap after
{Heap after GC invocations=85 (full 3):
 PSYoungGen      total 20480K, used 432K [0x00000000eab00000, 0x00000000ec280000, 0x0000000100000000)
  eden space 19968K, 0% used [0x00000000eab00000,0x00000000eab00000,0x00000000ebe80000)
  from space 512K, 84% used [0x00000000ec200000,0x00000000ec26c020,0x00000000ec280000)
  to   space 512K, 0% used [0x00000000ec180000,0x00000000ec180000,0x00000000ec200000)
 ParOldGen       total 68608K, used 40193K [0x00000000c0000000, 0x00000000c4300000, 0x00000000eab00000)
  object space 68608K, 58% used [0x00000000c0000000,0x00000000c27404e0,0x00000000c4300000)
 Metaspace       used 62437K, committed 63808K, reserved 1114112K
  class space    used 7654K, committed 8256K, reserved 1048576K
}

