# JRE version: OpenJDK Runtime Environment Temurin-17.0.14+7 (17.0.14+7) (build 17.0.14+7)
# Java VM: OpenJDK 64-Bit Server VM Temurin-17.0.14+7 (17.0.14+7, mixed mode, sharing, tiered, compressed oops, compressed class ptrs, g1 gc, windows-amd64)
GC Precious Log:
 CPUs: 4 total, 4 available
 Memory: 7987M
 Large Page Support: Disabled
 NUMA Support: Disabled
 Compressed Oops: Enabled (32-bit)
 Heap Region Size: 1M
 Heap Min Capacity: 8M
 Heap Initial Capacity: 126M
 Heap Max Capacity: 2G
 Pre-touch: Disabled
 Parallel Workers: 4
 Concurrent Workers: 1
 Concurrent Refinement Workers: 4
 Periodic GC: Disabled
Heap:
 garbage-first heap   total 296960K, used 191727K [0x0000000080000000, 0x0000000100000000)
  region size 1024K, 7 young (7168K), 7 survivors (7168K)
 Metaspace       used 109055K, committed 110720K, reserved 557056K
  class space    used 15141K, committed 15808K, reserved 425984K
GC Heap History (20 events):
Event: 67.226 GC heap after
{Heap after GC invocations=49 (full 0):
 garbage-first heap   total 211968K, used 135544K [0x0000000080000000, 0x0000000100000000)
  region size 1024K, 5 young (5120K), 5 survivors (5120K)
 Metaspace       used 105647K, committed 106880K, reserved 557056K
  class space    used 14673K, committed 15168K, reserved 425984K
}
Event: 68.448 GC heap before
{Heap before GC invocations=49 (full 0):
 garbage-first heap   total 211968K, used 178552K [0x0000000080000000, 0x0000000100000000)
  region size 1024K, 47 young (48128K), 5 survivors (5120K)
 Metaspace       used 105958K, committed 107200K, reserved 557056K
  class space    used 14706K, committed 15232K, reserved 425984K
}
Event: 68.458 GC heap after
{Heap after GC invocations=50 (full 0):
 garbage-first heap   total 211968K, used 140464K [0x0000000080000000, 0x0000000100000000)
  region size 1024K, 5 young (5120K), 5 survivors (5120K)
 Metaspace       used 105958K, committed 107200K, reserved 557056K
  class space    used 14706K, committed 15232K, reserved 425984K
}
Event: 69.150 GC heap before
{Heap before GC invocations=50 (full 0):
 garbage-first heap   total 211968K, used 177328K [0x0000000080000000, 0x0000000100000000)
  region size 1024K, 42 young (43008K), 5 survivors (5120K)
 Metaspace       used 106481K, committed 107776K, reserved 557056K
  class space    used 14777K, committed 15296K, reserved 425984K
}
Event: 69.162 GC heap after
{Heap after GC invocations=51 (full 0):
 garbage-first heap   total 211968K, used 146179K [0x0000000080000000, 0x0000000100000000)
  region size 1024K, 6 young (6144K), 6 survivors (6144K)
 Metaspace       used 106481K, committed 107776K, reserved 557056K
  class space    used 14777K, committed 15296K, reserved 425984K
}
Event: 69.991 GC heap before
{Heap before GC invocations=51 (full 0):
 garbage-first heap   total 211968K, used 177923K [0x0000000080000000, 0x0000000100000000)
  region size 1024K, 37 young (37888K), 6 survivors (6144K)
 Metaspace       used 106822K, committed 108160K, reserved 557056K
  class space    used 14825K, committed 15424K, reserved 425984K
}
Event: 70.001 GC heap after
{Heap after GC invocations=52 (full 0):
 garbage-first heap   total 211968K, used 151613K [0x0000000080000000, 0x0000000100000000)
  region size 1024K, 5 young (5120K), 5 survivors (5120K)
 Metaspace       used 106822K, committed 108160K, reserved 557056K
  class space    used 14825K, committed 15424K, reserved 425984K
}
Event: 70.608 GC heap before
{Heap before GC invocations=52 (full 0):
 garbage-first heap   total 211968K, used 178237K [0x0000000080000000, 0x0000000100000000)
  region size 1024K, 31 young (31744K), 5 survivors (5120K)
 Metaspace       used 107286K, committed 108608K, reserved 557056K
  class space    used 14892K, committed 15424K, reserved 425984K
}
Event: 70.619 GC heap after
{Heap after GC invocations=53 (full 0):
 garbage-first heap   total 211968K, used 156275K [0x0000000080000000, 0x0000000100000000)
  region size 1024K, 4 young (4096K), 4 survivors (4096K)
 Metaspace       used 107286K, committed 108608K, reserved 557056K
  class space    used 14892K, committed 15424K, reserved 425984K
}
Event: 71.112 GC heap before
{Heap before GC invocations=53 (full 0):
 garbage-first heap   total 211968K, used 179827K [0x0000000080000000, 0x0000000100000000)
  region size 1024K, 27 young (27648K), 4 survivors (4096K)
 Metaspace       used 107667K, committed 109056K, reserved 557056K
  class space    used 14935K, committed 15488K, reserved 425984K
}
Event: 71.122 GC heap after
{Heap after GC invocations=54 (full 0):
 garbage-first heap   total 211968K, used 162621K [0x0000000080000000, 0x0000000100000000)
  region size 1024K, 4 young (4096K), 4 survivors (4096K)
 Metaspace       used 107667K, committed 109056K, reserved 557056K
  class space    used 14935K, committed 15488K, reserved 425984K
}
Event: 71.506 GC heap before
{Heap before GC invocations=54 (full 0):
 garbage-first heap   total 211968K, used 180029K [0x0000000080000000, 0x0000000100000000)
  region size 1024K, 21 young (21504K), 4 survivors (4096K)
 Metaspace       used 107858K, committed 109312K, reserved 557056K
  class space    used 14955K, committed 15552K, reserved 425984K
}
Event: 71.517 GC heap after
{Heap after GC invocations=55 (full 0):
 garbage-first heap   total 211968K, used 167021K [0x0000000080000000, 0x0000000100000000)
  region size 1024K, 3 young (3072K), 3 survivors (3072K)
 Metaspace       used 107858K, committed 109312K, reserved 557056K
  class space    used 14955K, committed 15552K, reserved 425984K
}
Event: 71.904 GC heap before
{Heap before GC invocations=55 (full 0):
 garbage-first heap   total 296960K, used 180333K [0x0000000080000000, 0x0000000100000000)
  region size 1024K, 16 young (16384K), 3 survivors (3072K)
 Metaspace       used 107934K, committed 109376K, reserved 557056K
  class space    used 14963K, committed 15552K, reserved 425984K
}
Event: 71.913 GC heap after
{Heap after GC invocations=56 (full 0):
 garbage-first heap   total 296960K, used 170824K [0x0000000080000000, 0x0000000100000000)
  region size 1024K, 2 young (2048K), 2 survivors (2048K)
 Metaspace       used 107934K, committed 109376K, reserved 557056K
  class space    used 14963K, committed 15552K, reserved 425984K
}
Event: 73.014 GC heap before
{Heap before GC invocations=57 (full 0):
 garbage-first heap   total 296960K, used 234312K [0x0000000080000000, 0x0000000100000000)
  region size 1024K, 64 young (65536K), 2 survivors (2048K)
 Metaspace       used 108651K, committed 110208K, reserved 557056K
  class space    used 15081K, committed 15744K, reserved 425984K
}
Event: 73.035 GC heap after
{Heap after GC invocations=58 (full 0):
 garbage-first heap   total 296960K, used 183988K [0x0000000080000000, 0x0000000100000000)
  region size 1024K, 8 young (8192K), 8 survivors (8192K)
 Metaspace       used 108651K, committed 110208K, reserved 557056K
  class space    used 15081K, committed 15744K, reserved 425984K
}
Event: 73.099 GC heap before
{Heap before GC invocations=58 (full 0):
 garbage-first heap   total 296960K, used 190132K [0x0000000080000000, 0x0000000100000000)
  region size 1024K, 14 young (14336K), 8 survivors (8192K)
 Metaspace       used 108658K, committed 110208K, reserved 557056K
  class space    used 15081K, committed 15744K, reserved 425984K
}
Event: 73.111 GC heap after
{Heap after GC invocations=59 (full 0):
 garbage-first heap   total 296960K, used 184480K [0x0000000080000000, 0x0000000100000000)
  region size 1024K, 2 young (2048K), 2 survivors (2048K)
 Metaspace       used 108658K, committed 110208K, reserved 557056K
  class space    used 15081K, committed 15744K, reserved 425984K
}
Event: 73.815 GC heap before
{Heap before GC invocations=59 (full 0):
 garbage-first heap   total 296960K, used 237728K [0x0000000080000000, 0x0000000100000000)
  region size 1024K, 54 young (55296K), 2 survivors (2048K)
 Metaspace       used 109055K, committed 110720K, reserved 557056K
  class space    used 15141K, committed 15808K, reserved 425984K
}

