# JRE version: OpenJDK Runtime Environment Temurin-21.0.6+7 (21.0.6+7) (build 21.0.6+7-LTS)
# Java VM: OpenJDK 64-Bit Server VM Temurin-21.0.6+7 (21.0.6+7-LTS, mixed mode, sharing, tiered, compressed oops, compressed class ptrs, parallel gc, windows-amd64)
GC Precious Log:
 CardTable entry size: 512
 CPUs: 4 total, 4 available
 Memory: 7987M
 Large Page Support: Disabled
 NUMA Support: Disabled
 Compressed Oops: Enabled (32-bit)
 Alignments: Space 512K, Generation 512K, Heap 2M
 Heap Min Capacity: 100M
 Heap Initial Capacity: 100M
 Heap Max Capacity: 1G
 Pre-touch: Disabled
 Parallel Workers: 4
Heap:
 PSYoungGen      total 3584K, used 1091K [0x00000000eab00000, 0x00000000eb200000, 0x0000000100000000)
  eden space 3072K, 31% used [0x00000000eab00000,0x00000000eabf0dc8,0x00000000eae00000)
  from space 512K, 25% used [0x00000000eb180000,0x00000000eb1a0000,0x00000000eb200000)
  to   space 512K, 0% used [0x00000000eb100000,0x00000000eb100000,0x00000000eb180000)
 ParOldGen       total 396800K, used 193709K [0x00000000c0000000, 0x00000000d8380000, 0x00000000eab00000)
  object space 396800K, 48% used [0x00000000c0000000,0x00000000cbd2b418,0x00000000d8380000)
 Metaspace       used 65637K, committed 67072K, reserved 1114112K
  class space    used 7975K, committed 8640K, reserved 1048576K
GC Heap History (20 events):
Event: 156.079 GC heap before
{Heap before GC invocations=381 (full 3):
 PSYoungGen      total 3584K, used 3402K [0x00000000eab00000, 0x00000000eb200000, 0x0000000100000000)
  eden space 3072K, 96% used [0x00000000eab00000,0x00000000eade6970,0x00000000eae00000)
  from space 512K, 84% used [0x00000000eb100000,0x00000000eb16c0b0,0x00000000eb180000)
  to   space 512K, 0% used [0x00000000eb180000,0x00000000eb180000,0x00000000eb200000)
 ParOldGen       total 396800K, used 193063K [0x00000000c0000000, 0x00000000d8380000, 0x00000000eab00000)
  object space 396800K, 48% used [0x00000000c0000000,0x00000000cbc89f48,0x00000000d8380000)
 Metaspace       used 65476K, committed 66944K, reserved 1114112K
  class space    used 7961K, committed 8640K, reserved 1048576K
}
Event: 156.081 GC heap after
{Heap after GC invocations=381 (full 3):
 PSYoungGen      total 3584K, used 320K [0x00000000eab00000, 0x00000000eb200000, 0x0000000100000000)
  eden space 3072K, 0% used [0x00000000eab00000,0x00000000eab00000,0x00000000eae00000)
  from space 512K, 62% used [0x00000000eb180000,0x00000000eb1d0090,0x00000000eb200000)
  to   space 512K, 0% used [0x00000000eb100000,0x00000000eb100000,0x00000000eb180000)
 ParOldGen       total 396800K, used 193348K [0x00000000c0000000, 0x00000000d8380000, 0x00000000eab00000)
  object space 396800K, 48% used [0x00000000c0000000,0x00000000cbcd13d8,0x00000000d8380000)
 Metaspace       used 65476K, committed 66944K, reserved 1114112K
  class space    used 7961K, committed 8640K, reserved 1048576K
}
Event: 161.970 GC heap before
{Heap before GC invocations=382 (full 3):
 PSYoungGen      total 3584K, used 3392K [0x00000000eab00000, 0x00000000eb200000, 0x0000000100000000)
  eden space 3072K, 99% used [0x00000000eab00000,0x00000000eadffff0,0x00000000eae00000)
  from space 512K, 62% used [0x00000000eb180000,0x00000000eb1d0090,0x00000000eb200000)
  to   space 512K, 0% used [0x00000000eb100000,0x00000000eb100000,0x00000000eb180000)
 ParOldGen       total 396800K, used 193348K [0x00000000c0000000, 0x00000000d8380000, 0x00000000eab00000)
  object space 396800K, 48% used [0x00000000c0000000,0x00000000cbcd13d8,0x00000000d8380000)
 Metaspace       used 65533K, committed 66944K, reserved 1114112K
  class space    used 7968K, committed 8640K, reserved 1048576K
}
Event: 161.971 GC heap after
{Heap after GC invocations=382 (full 3):
 PSYoungGen      total 3584K, used 160K [0x00000000eab00000, 0x00000000eb200000, 0x0000000100000000)
  eden space 3072K, 0% used [0x00000000eab00000,0x00000000eab00000,0x00000000eae00000)
  from space 512K, 31% used [0x00000000eb100000,0x00000000eb128000,0x00000000eb180000)
  to   space 512K, 0% used [0x00000000eb180000,0x00000000eb180000,0x00000000eb200000)
 ParOldGen       total 396800K, used 193444K [0x00000000c0000000, 0x00000000d8380000, 0x00000000eab00000)
  object space 396800K, 48% used [0x00000000c0000000,0x00000000cbce93d8,0x00000000d8380000)
 Metaspace       used 65533K, committed 66944K, reserved 1114112K
  class space    used 7968K, committed 8640K, reserved 1048576K
}
Event: 168.716 GC heap before
{Heap before GC invocations=383 (full 3):
 PSYoungGen      total 3584K, used 3232K [0x00000000eab00000, 0x00000000eb200000, 0x0000000100000000)
  eden space 3072K, 100% used [0x00000000eab00000,0x00000000eae00000,0x00000000eae00000)
  from space 512K, 31% used [0x00000000eb100000,0x00000000eb128000,0x00000000eb180000)
  to   space 512K, 0% used [0x00000000eb180000,0x00000000eb180000,0x00000000eb200000)
 ParOldGen       total 396800K, used 193444K [0x00000000c0000000, 0x00000000d8380000, 0x00000000eab00000)
  object space 396800K, 48% used [0x00000000c0000000,0x00000000cbce93d8,0x00000000d8380000)
 Metaspace       used 65547K, committed 66944K, reserved 1114112K
  class space    used 7968K, committed 8640K, reserved 1048576K
}
Event: 168.717 GC heap after
{Heap after GC invocations=383 (full 3):
 PSYoungGen      total 3584K, used 128K [0x00000000eab00000, 0x00000000eb200000, 0x0000000100000000)
  eden space 3072K, 0% used [0x00000000eab00000,0x00000000eab00000,0x00000000eae00000)
  from space 512K, 25% used [0x00000000eb180000,0x00000000eb1a0000,0x00000000eb200000)
  to   space 512K, 0% used [0x00000000eb100000,0x00000000eb100000,0x00000000eb180000)
 ParOldGen       total 396800K, used 193541K [0x00000000c0000000, 0x00000000d8380000, 0x00000000eab00000)
  object space 396800K, 48% used [0x00000000c0000000,0x00000000cbd01418,0x00000000d8380000)
 Metaspace       used 65547K, committed 66944K, reserved 1114112K
  class space    used 7968K, committed 8640K, reserved 1048576K
}
Event: 168.856 GC heap before
{Heap before GC invocations=384 (full 3):
 PSYoungGen      total 3584K, used 3200K [0x00000000eab00000, 0x00000000eb200000, 0x0000000100000000)
  eden space 3072K, 100% used [0x00000000eab00000,0x00000000eae00000,0x00000000eae00000)
  from space 512K, 25% used [0x00000000eb180000,0x00000000eb1a0000,0x00000000eb200000)
  to   space 512K, 0% used [0x00000000eb100000,0x00000000eb100000,0x00000000eb180000)
 ParOldGen       total 396800K, used 193541K [0x00000000c0000000, 0x00000000d8380000, 0x00000000eab00000)
  object space 396800K, 48% used [0x00000000c0000000,0x00000000cbd01418,0x00000000d8380000)
 Metaspace       used 65547K, committed 66944K, reserved 1114112K
  class space    used 7968K, committed 8640K, reserved 1048576K
}
Event: 168.860 GC heap after
{Heap after GC invocations=384 (full 3):
 PSYoungGen      total 3584K, used 96K [0x00000000eab00000, 0x00000000eb200000, 0x0000000100000000)
  eden space 3072K, 0% used [0x00000000eab00000,0x00000000eab00000,0x00000000eae00000)
  from space 512K, 18% used [0x00000000eb100000,0x00000000eb118000,0x00000000eb180000)
  to   space 512K, 0% used [0x00000000eb180000,0x00000000eb180000,0x00000000eb200000)
 ParOldGen       total 396800K, used 193557K [0x00000000c0000000, 0x00000000d8380000, 0x00000000eab00000)
  object space 396800K, 48% used [0x00000000c0000000,0x00000000cbd05418,0x00000000d8380000)
 Metaspace       used 65547K, committed 66944K, reserved 1114112K
  class space    used 7968K, committed 8640K, reserved 1048576K
}
Event: 169.329 GC heap before
{Heap before GC invocations=385 (full 3):
 PSYoungGen      total 3584K, used 3168K [0x00000000eab00000, 0x00000000eb200000, 0x0000000100000000)
  eden space 3072K, 100% used [0x00000000eab00000,0x00000000eae00000,0x00000000eae00000)
  from space 512K, 18% used [0x00000000eb100000,0x00000000eb118000,0x00000000eb180000)
  to   space 512K, 0% used [0x00000000eb180000,0x00000000eb180000,0x00000000eb200000)
 ParOldGen       total 396800K, used 193557K [0x00000000c0000000, 0x00000000d8380000, 0x00000000eab00000)
  object space 396800K, 48% used [0x00000000c0000000,0x00000000cbd05418,0x00000000d8380000)
 Metaspace       used 65550K, committed 66944K, reserved 1114112K
  class space    used 7968K, committed 8640K, reserved 1048576K
}
Event: 169.330 GC heap after
{Heap after GC invocations=385 (full 3):
 PSYoungGen      total 3584K, used 96K [0x00000000eab00000, 0x00000000eb200000, 0x0000000100000000)
  eden space 3072K, 0% used [0x00000000eab00000,0x00000000eab00000,0x00000000eae00000)
  from space 512K, 18% used [0x00000000eb180000,0x00000000eb198000,0x00000000eb200000)
  to   space 512K, 0% used [0x00000000eb100000,0x00000000eb100000,0x00000000eb180000)
 ParOldGen       total 396800K, used 193565K [0x00000000c0000000, 0x00000000d8380000, 0x00000000eab00000)
  object space 396800K, 48% used [0x00000000c0000000,0x00000000cbd07418,0x00000000d8380000)
 Metaspace       used 65550K, committed 66944K, reserved 1114112K
  class space    used 7968K, committed 8640K, reserved 1048576K
}
Event: 169.534 GC heap before
{Heap before GC invocations=386 (full 3):
 PSYoungGen      total 3584K, used 3168K [0x00000000eab00000, 0x00000000eb200000, 0x0000000100000000)
  eden space 3072K, 100% used [0x00000000eab00000,0x00000000eae00000,0x00000000eae00000)
  from space 512K, 18% used [0x00000000eb180000,0x00000000eb198000,0x00000000eb200000)
  to   space 512K, 0% used [0x00000000eb100000,0x00000000eb100000,0x00000000eb180000)
 ParOldGen       total 396800K, used 193565K [0x00000000c0000000, 0x00000000d8380000, 0x00000000eab00000)
  object space 396800K, 48% used [0x00000000c0000000,0x00000000cbd07418,0x00000000d8380000)
 Metaspace       used 65558K, committed 66944K, reserved 1114112K
  class space    used 7968K, committed 8640K, reserved 1048576K
}
Event: 169.535 GC heap after
{Heap after GC invocations=386 (full 3):
 PSYoungGen      total 3584K, used 96K [0x00000000eab00000, 0x00000000eb200000, 0x0000000100000000)
  eden space 3072K, 0% used [0x00000000eab00000,0x00000000eab00000,0x00000000eae00000)
  from space 512K, 18% used [0x00000000eb100000,0x00000000eb118000,0x00000000eb180000)
  to   space 512K, 0% used [0x00000000eb180000,0x00000000eb180000,0x00000000eb200000)
 ParOldGen       total 396800K, used 193581K [0x00000000c0000000, 0x00000000d8380000, 0x00000000eab00000)
  object space 396800K, 48% used [0x00000000c0000000,0x00000000cbd0b418,0x00000000d8380000)
 Metaspace       used 65558K, committed 66944K, reserved 1114112K
  class space    used 7968K, committed 8640K, reserved 1048576K
}
Event: 169.809 GC heap before
{Heap before GC invocations=387 (full 3):
 PSYoungGen      total 3584K, used 3168K [0x00000000eab00000, 0x00000000eb200000, 0x0000000100000000)
  eden space 3072K, 100% used [0x00000000eab00000,0x00000000eae00000,0x00000000eae00000)
  from space 512K, 18% used [0x00000000eb100000,0x00000000eb118000,0x00000000eb180000)
  to   space 512K, 0% used [0x00000000eb180000,0x00000000eb180000,0x00000000eb200000)
 ParOldGen       total 396800K, used 193581K [0x00000000c0000000, 0x00000000d8380000, 0x00000000eab00000)
  object space 396800K, 48% used [0x00000000c0000000,0x00000000cbd0b418,0x00000000d8380000)
 Metaspace       used 65564K, committed 66944K, reserved 1114112K
  class space    used 7968K, committed 8640K, reserved 1048576K
}
Event: 169.811 GC heap after
{Heap after GC invocations=387 (full 3):
 PSYoungGen      total 3584K, used 96K [0x00000000eab00000, 0x00000000eb200000, 0x0000000100000000)
  eden space 3072K, 0% used [0x00000000eab00000,0x00000000eab00000,0x00000000eae00000)
  from space 512K, 18% used [0x00000000eb180000,0x00000000eb198000,0x00000000eb200000)
  to   space 512K, 0% used [0x00000000eb100000,0x00000000eb100000,0x00000000eb180000)
 ParOldGen       total 396800K, used 193597K [0x00000000c0000000, 0x00000000d8380000, 0x00000000eab00000)
  object space 396800K, 48% used [0x00000000c0000000,0x00000000cbd0f418,0x00000000d8380000)
 Metaspace       used 65564K, committed 66944K, reserved 1114112K
  class space    used 7968K, committed 8640K, reserved 1048576K
}
Event: 170.378 GC heap before
{Heap before GC invocations=388 (full 3):
 PSYoungGen      total 3584K, used 3168K [0x00000000eab00000, 0x00000000eb200000, 0x0000000100000000)
  eden space 3072K, 100% used [0x00000000eab00000,0x00000000eae00000,0x00000000eae00000)
  from space 512K, 18% used [0x00000000eb180000,0x00000000eb198000,0x00000000eb200000)
  to   space 512K, 0% used [0x00000000eb100000,0x00000000eb100000,0x00000000eb180000)
 ParOldGen       total 396800K, used 193597K [0x00000000c0000000, 0x00000000d8380000, 0x00000000eab00000)
  object space 396800K, 48% used [0x00000000c0000000,0x00000000cbd0f418,0x00000000d8380000)
 Metaspace       used 65571K, committed 66944K, reserved 1114112K
  class space    used 7968K, committed 8640K, reserved 1048576K
}
Event: 170.379 GC heap after
{Heap after GC invocations=388 (full 3):
 PSYoungGen      total 3584K, used 128K [0x00000000eab00000, 0x00000000eb200000, 0x0000000100000000)
  eden space 3072K, 0% used [0x00000000eab00000,0x00000000eab00000,0x00000000eae00000)
  from space 512K, 25% used [0x00000000eb100000,0x00000000eb120000,0x00000000eb180000)
  to   space 512K, 0% used [0x00000000eb180000,0x00000000eb180000,0x00000000eb200000)
 ParOldGen       total 396800K, used 193621K [0x00000000c0000000, 0x00000000d8380000, 0x00000000eab00000)
  object space 396800K, 48% used [0x00000000c0000000,0x00000000cbd15418,0x00000000d8380000)
 Metaspace       used 65571K, committed 66944K, reserved 1114112K
  class space    used 7968K, committed 8640K, reserved 1048576K
}
Event: 181.732 GC heap before
{Heap before GC invocations=389 (full 3):
 PSYoungGen      total 3584K, used 3199K [0x00000000eab00000, 0x00000000eb200000, 0x0000000100000000)
  eden space 3072K, 99% used [0x00000000eab00000,0x00000000eadfffe8,0x00000000eae00000)
  from space 512K, 25% used [0x00000000eb100000,0x00000000eb120000,0x00000000eb180000)
  to   space 512K, 0% used [0x00000000eb180000,0x00000000eb180000,0x00000000eb200000)
 ParOldGen       total 396800K, used 193621K [0x00000000c0000000, 0x00000000d8380000, 0x00000000eab00000)
  object space 396800K, 48% used [0x00000000c0000000,0x00000000cbd15418,0x00000000d8380000)
 Metaspace       used 65591K, committed 67008K, reserved 1114112K
  class space    used 7968K, committed 8640K, reserved 1048576K
}
Event: 181.733 GC heap after
{Heap after GC invocations=389 (full 3):
 PSYoungGen      total 3584K, used 96K [0x00000000eab00000, 0x00000000eb200000, 0x0000000100000000)
  eden space 3072K, 0% used [0x00000000eab00000,0x00000000eab00000,0x00000000eae00000)
  from space 512K, 18% used [0x00000000eb180000,0x00000000eb198000,0x00000000eb200000)
  to   space 512K, 0% used [0x00000000eb100000,0x00000000eb100000,0x00000000eb180000)
 ParOldGen       total 396800K, used 193645K [0x00000000c0000000, 0x00000000d8380000, 0x00000000eab00000)
  object space 396800K, 48% used [0x00000000c0000000,0x00000000cbd1b418,0x00000000d8380000)
 Metaspace       used 65591K, committed 67008K, reserved 1114112K
  class space    used 7968K, committed 8640K, reserved 1048576K
}
Event: 183.829 GC heap before
{Heap before GC invocations=390 (full 3):
 PSYoungGen      total 3584K, used 3168K [0x00000000eab00000, 0x00000000eb200000, 0x0000000100000000)
  eden space 3072K, 100% used [0x00000000eab00000,0x00000000eae00000,0x00000000eae00000)
  from space 512K, 18% used [0x00000000eb180000,0x00000000eb198000,0x00000000eb200000)
  to   space 512K, 0% used [0x00000000eb100000,0x00000000eb100000,0x00000000eb180000)
 ParOldGen       total 396800K, used 193645K [0x00000000c0000000, 0x00000000d8380000, 0x00000000eab00000)
  object space 396800K, 48% used [0x00000000c0000000,0x00000000cbd1b418,0x00000000d8380000)
 Metaspace       used 65597K, committed 67008K, reserved 1114112K
  class space    used 7969K, committed 8640K, reserved 1048576K
}
Event: 183.831 GC heap after
{Heap after GC invocations=390 (full 3):
 PSYoungGen      total 3584K, used 96K [0x00000000eab00000, 0x00000000eb200000, 0x0000000100000000)
  eden space 3072K, 0% used [0x00000000eab00000,0x00000000eab00000,0x00000000eae00000)
  from space 512K, 18% used [0x00000000eb100000,0x00000000eb118000,0x00000000eb180000)
  to   space 512K, 0% used [0x00000000eb180000,0x00000000eb180000,0x00000000eb200000)
 ParOldGen       total 396800K, used 193677K [0x00000000c0000000, 0x00000000d8380000, 0x00000000eab00000)
  object space 396800K, 48% used [0x00000000c0000000,0x00000000cbd23418,0x00000000d8380000)
 Metaspace       used 65597K, committed 67008K, reserved 1114112K
  class space    used 7969K, committed 8640K, reserved 1048576K
}

