# JRE version: OpenJDK Runtime Environment Temurin-17.0.14+7 (17.0.14+7) (build 17.0.14+7)
# Java VM: OpenJDK 64-Bit Server VM Temurin-17.0.14+7 (17.0.14+7, mixed mode, sharing, tiered, compressed oops, compressed class ptrs, g1 gc, windows-amd64)
GC Precious Log:
 CPUs: 4 total, 4 available
 Memory: 7987M
 Large Page Support: Disabled
 NUMA Support: Disabled
 Compressed Oops: Enabled (32-bit)
 Heap Region Size: 1M
 Heap Min Capacity: 8M
 Heap Initial Capacity: 126M
 Heap Max Capacity: 2G
 Pre-touch: Disabled
 Parallel Workers: 4
 Concurrent Workers: 1
 Concurrent Refinement Workers: 4
 Periodic GC: Disabled
Heap:
 garbage-first heap   total 193536K, used 148278K [0x0000000080000000, 0x0000000100000000)
  region size 1024K, 44 young (45056K), 5 survivors (5120K)
 Metaspace       used 91076K, committed 92224K, reserved 557056K
  class space    used 12438K, committed 12992K, reserved 425984K
GC Heap History (20 events):
Event: 40.019 GC heap before
{Heap before GC invocations=34 (full 0):
 garbage-first heap   total 137216K, used 92302K [0x0000000080000000, 0x0000000100000000)
  region size 1024K, 20 young (20480K), 4 survivors (4096K)
 Metaspace       used 75182K, committed 76160K, reserved 491520K
  class space    used 10292K, committed 10752K, reserved 425984K
}
Event: 40.025 GC heap after
{Heap after GC invocations=35 (full 0):
 garbage-first heap   total 137216K, used 77325K [0x0000000080000000, 0x0000000100000000)
  region size 1024K, 3 young (3072K), 3 survivors (3072K)
 Metaspace       used 75182K, committed 76160K, reserved 491520K
  class space    used 10292K, committed 10752K, reserved 425984K
}
Event: 40.606 GC heap before
{Heap before GC invocations=36 (full 0):
 garbage-first heap   total 153600K, used 118285K [0x0000000080000000, 0x0000000100000000)
  region size 1024K, 35 young (35840K), 3 survivors (3072K)
 Metaspace       used 76821K, committed 77760K, reserved 557056K
  class space    used 10489K, committed 10944K, reserved 425984K
}
Event: 40.610 GC heap after
{Heap after GC invocations=37 (full 0):
 garbage-first heap   total 153600K, used 87768K [0x0000000080000000, 0x0000000100000000)
  region size 1024K, 5 young (5120K), 5 survivors (5120K)
 Metaspace       used 76821K, committed 77760K, reserved 557056K
  class space    used 10489K, committed 10944K, reserved 425984K
}
Event: 42.465 GC heap before
{Heap before GC invocations=37 (full 0):
 garbage-first heap   total 153600K, used 122584K [0x0000000080000000, 0x0000000100000000)
  region size 1024K, 39 young (39936K), 5 survivors (5120K)
 Metaspace       used 78851K, committed 79872K, reserved 557056K
  class space    used 10827K, committed 11328K, reserved 425984K
}
Event: 42.476 GC heap after
{Heap after GC invocations=38 (full 0):
 garbage-first heap   total 153600K, used 90362K [0x0000000080000000, 0x0000000100000000)
  region size 1024K, 5 young (5120K), 5 survivors (5120K)
 Metaspace       used 78851K, committed 79872K, reserved 557056K
  class space    used 10827K, committed 11328K, reserved 425984K
}
Event: 44.210 GC heap before
{Heap before GC invocations=39 (full 0):
 garbage-first heap   total 153600K, used 125178K [0x0000000080000000, 0x0000000100000000)
  region size 1024K, 39 young (39936K), 5 survivors (5120K)
 Metaspace       used 81049K, committed 82048K, reserved 557056K
  class space    used 11123K, committed 11584K, reserved 425984K
}
Event: 44.225 GC heap after
{Heap after GC invocations=40 (full 0):
 garbage-first heap   total 153600K, used 93119K [0x0000000080000000, 0x0000000100000000)
  region size 1024K, 5 young (5120K), 5 survivors (5120K)
 Metaspace       used 81049K, committed 82048K, reserved 557056K
  class space    used 11123K, committed 11584K, reserved 425984K
}
Event: 45.261 GC heap before
{Heap before GC invocations=40 (full 0):
 garbage-first heap   total 153600K, used 125887K [0x0000000080000000, 0x0000000100000000)
  region size 1024K, 38 young (38912K), 5 survivors (5120K)
 Metaspace       used 83299K, committed 84288K, reserved 557056K
  class space    used 11454K, committed 11968K, reserved 425984K
}
Event: 45.280 GC heap after
{Heap after GC invocations=41 (full 0):
 garbage-first heap   total 153600K, used 96705K [0x0000000080000000, 0x0000000100000000)
  region size 1024K, 4 young (4096K), 4 survivors (4096K)
 Metaspace       used 83299K, committed 84288K, reserved 557056K
  class space    used 11454K, committed 11968K, reserved 425984K
}
Event: 45.830 GC heap before
{Heap before GC invocations=42 (full 0):
 garbage-first heap   total 168960K, used 125377K [0x0000000080000000, 0x0000000100000000)
  region size 1024K, 33 young (33792K), 4 survivors (4096K)
 Metaspace       used 85417K, committed 86464K, reserved 557056K
  class space    used 11691K, committed 12160K, reserved 425984K
}
Event: 45.842 GC heap after
{Heap after GC invocations=43 (full 0):
 garbage-first heap   total 168960K, used 100900K [0x0000000080000000, 0x0000000100000000)
  region size 1024K, 4 young (4096K), 4 survivors (4096K)
 Metaspace       used 85417K, committed 86464K, reserved 557056K
  class space    used 11691K, committed 12160K, reserved 425984K
}
Event: 69.176 GC heap before
{Heap before GC invocations=43 (full 0):
 garbage-first heap   total 168960K, used 136740K [0x0000000080000000, 0x0000000100000000)
  region size 1024K, 40 young (40960K), 4 survivors (4096K)
 Metaspace       used 88324K, committed 89344K, reserved 557056K
  class space    used 12114K, committed 12608K, reserved 425984K
}
Event: 69.186 GC heap after
{Heap after GC invocations=44 (full 0):
 garbage-first heap   total 168960K, used 102455K [0x0000000080000000, 0x0000000100000000)
  region size 1024K, 2 young (2048K), 2 survivors (2048K)
 Metaspace       used 88324K, committed 89344K, reserved 557056K
  class space    used 12114K, committed 12608K, reserved 425984K
}
Event: 82.496 GC heap before
{Heap before GC invocations=45 (full 0):
 garbage-first heap   total 188416K, used 138295K [0x0000000080000000, 0x0000000100000000)
  region size 1024K, 37 young (37888K), 2 survivors (2048K)
 Metaspace       used 89142K, committed 90176K, reserved 557056K
  class space    used 12220K, committed 12736K, reserved 425984K
}
Event: 82.506 GC heap after
{Heap after GC invocations=46 (full 0):
 garbage-first heap   total 188416K, used 105925K [0x0000000080000000, 0x0000000100000000)
  region size 1024K, 5 young (5120K), 5 survivors (5120K)
 Metaspace       used 89142K, committed 90176K, reserved 557056K
  class space    used 12220K, committed 12736K, reserved 425984K
}
Event: 82.788 GC heap before
{Heap before GC invocations=46 (full 0):
 garbage-first heap   total 188416K, used 110021K [0x0000000080000000, 0x0000000100000000)
  region size 1024K, 9 young (9216K), 5 survivors (5120K)
 Metaspace       used 89180K, committed 90304K, reserved 557056K
  class space    used 12220K, committed 12736K, reserved 425984K
}
Event: 82.796 GC heap after
{Heap after GC invocations=47 (full 0):
 garbage-first heap   total 188416K, used 106248K [0x0000000080000000, 0x0000000100000000)
  region size 1024K, 1 young (1024K), 1 survivors (1024K)
 Metaspace       used 89180K, committed 90304K, reserved 557056K
  class space    used 12220K, committed 12736K, reserved 425984K
}
Event: 84.249 GC heap before
{Heap before GC invocations=47 (full 0):
 garbage-first heap   total 188416K, used 152328K [0x0000000080000000, 0x0000000100000000)
  region size 1024K, 47 young (48128K), 1 survivors (1024K)
 Metaspace       used 89730K, committed 90816K, reserved 557056K
  class space    used 12256K, committed 12800K, reserved 425984K
}
Event: 84.256 GC heap after
{Heap after GC invocations=48 (full 0):
 garbage-first heap   total 188416K, used 110390K [0x0000000080000000, 0x0000000100000000)
  region size 1024K, 5 young (5120K), 5 survivors (5120K)
 Metaspace       used 89730K, committed 90816K, reserved 557056K
  class space    used 12256K, committed 12800K, reserved 425984K
}

