# JRE version: OpenJDK Runtime Environment Temurin-21.0.6+7 (21.0.6+7) (build 21.0.6+7-LTS)
# Java VM: OpenJDK 64-Bit Server VM Temurin-21.0.6+7 (21.0.6+7-LTS, mixed mode, sharing, tiered, compressed oops, compressed class ptrs, parallel gc, windows-amd64)
GC Precious Log:
 CardTable entry size: 512
 CPUs: 4 total, 4 available
 Memory: 7987M
 Large Page Support: Disabled
 NUMA Support: Disabled
 Compressed Oops: Enabled (32-bit)
 Alignments: Space 512K, Generation 512K, Heap 2M
 Heap Min Capacity: 100M
 Heap Initial Capacity: 100M
 Heap Max Capacity: 1G
 Pre-touch: Disabled
 Parallel Workers: 4
Heap:
 PSYoungGen      total 2048K, used 183K [0x00000000eab00000, 0x00000000eae00000, 0x0000000100000000)
  eden space 1536K, 5% used [0x00000000eab00000,0x00000000eab15e48,0x00000000eac80000)
  from space 512K, 18% used [0x00000000ead80000,0x00000000ead98000,0x00000000eae00000)
  to   space 512K, 0% used [0x00000000ead00000,0x00000000ead00000,0x00000000ead80000)
 ParOldGen       total 409600K, used 194804K [0x00000000c0000000, 0x00000000d9000000, 0x00000000eab00000)
  object space 409600K, 47% used [0x00000000c0000000,0x00000000cbe3d300,0x00000000d9000000)
 Metaspace       used 65026K, committed 66432K, reserved 1114112K
  class space    used 7869K, committed 8448K, reserved 1048576K
GC Heap History (20 events):
Event: 171.803 GC heap before
{Heap before GC invocations=676 (full 3):
 PSYoungGen      total 2048K, used 1664K [0x00000000eab00000, 0x00000000eae00000, 0x0000000100000000)
  eden space 1536K, 100% used [0x00000000eab00000,0x00000000eac80000,0x00000000eac80000)
  from space 512K, 25% used [0x00000000ead80000,0x00000000eada0000,0x00000000eae00000)
  to   space 512K, 0% used [0x00000000ead00000,0x00000000ead00000,0x00000000ead80000)
 ParOldGen       total 409600K, used 194604K [0x00000000c0000000, 0x00000000d9000000, 0x00000000eab00000)
  object space 409600K, 47% used [0x00000000c0000000,0x00000000cbe0b300,0x00000000d9000000)
 Metaspace       used 64964K, committed 66368K, reserved 1114112K
  class space    used 7860K, committed 8448K, reserved 1048576K
}
Event: 171.804 GC heap after
{Heap after GC invocations=676 (full 3):
 PSYoungGen      total 2048K, used 32K [0x00000000eab00000, 0x00000000eae00000, 0x0000000100000000)
  eden space 1536K, 0% used [0x00000000eab00000,0x00000000eab00000,0x00000000eac80000)
  from space 512K, 6% used [0x00000000ead00000,0x00000000ead08000,0x00000000ead80000)
  to   space 512K, 0% used [0x00000000ead80000,0x00000000ead80000,0x00000000eae00000)
 ParOldGen       total 409600K, used 194620K [0x00000000c0000000, 0x00000000d9000000, 0x00000000eab00000)
  object space 409600K, 47% used [0x00000000c0000000,0x00000000cbe0f300,0x00000000d9000000)
 Metaspace       used 64964K, committed 66368K, reserved 1114112K
  class space    used 7860K, committed 8448K, reserved 1048576K
}
Event: 174.253 GC heap before
{Heap before GC invocations=677 (full 3):
 PSYoungGen      total 2048K, used 1568K [0x00000000eab00000, 0x00000000eae00000, 0x0000000100000000)
  eden space 1536K, 100% used [0x00000000eab00000,0x00000000eac80000,0x00000000eac80000)
  from space 512K, 6% used [0x00000000ead00000,0x00000000ead08000,0x00000000ead80000)
  to   space 512K, 0% used [0x00000000ead80000,0x00000000ead80000,0x00000000eae00000)
 ParOldGen       total 409600K, used 194620K [0x00000000c0000000, 0x00000000d9000000, 0x00000000eab00000)
  object space 409600K, 47% used [0x00000000c0000000,0x00000000cbe0f300,0x00000000d9000000)
 Metaspace       used 64974K, committed 66368K, reserved 1114112K
  class space    used 7861K, committed 8448K, reserved 1048576K
}
Event: 174.254 GC heap after
{Heap after GC invocations=677 (full 3):
 PSYoungGen      total 2048K, used 128K [0x00000000eab00000, 0x00000000eae00000, 0x0000000100000000)
  eden space 1536K, 0% used [0x00000000eab00000,0x00000000eab00000,0x00000000eac80000)
  from space 512K, 25% used [0x00000000ead80000,0x00000000eada0000,0x00000000eae00000)
  to   space 512K, 0% used [0x00000000ead00000,0x00000000ead00000,0x00000000ead80000)
 ParOldGen       total 409600K, used 194628K [0x00000000c0000000, 0x00000000d9000000, 0x00000000eab00000)
  object space 409600K, 47% used [0x00000000c0000000,0x00000000cbe11300,0x00000000d9000000)
 Metaspace       used 64974K, committed 66368K, reserved 1114112K
  class space    used 7861K, committed 8448K, reserved 1048576K
}
Event: 178.352 GC heap before
{Heap before GC invocations=678 (full 3):
 PSYoungGen      total 2048K, used 1664K [0x00000000eab00000, 0x00000000eae00000, 0x0000000100000000)
  eden space 1536K, 100% used [0x00000000eab00000,0x00000000eac80000,0x00000000eac80000)
  from space 512K, 25% used [0x00000000ead80000,0x00000000eada0000,0x00000000eae00000)
  to   space 512K, 0% used [0x00000000ead00000,0x00000000ead00000,0x00000000ead80000)
 ParOldGen       total 409600K, used 194628K [0x00000000c0000000, 0x00000000d9000000, 0x00000000eab00000)
  object space 409600K, 47% used [0x00000000c0000000,0x00000000cbe11300,0x00000000d9000000)
 Metaspace       used 64974K, committed 66368K, reserved 1114112K
  class space    used 7861K, committed 8448K, reserved 1048576K
}
Event: 178.355 GC heap after
{Heap after GC invocations=678 (full 3):
 PSYoungGen      total 2048K, used 64K [0x00000000eab00000, 0x00000000eae00000, 0x0000000100000000)
  eden space 1536K, 0% used [0x00000000eab00000,0x00000000eab00000,0x00000000eac80000)
  from space 512K, 12% used [0x00000000ead00000,0x00000000ead10000,0x00000000ead80000)
  to   space 512K, 0% used [0x00000000ead80000,0x00000000ead80000,0x00000000eae00000)
 ParOldGen       total 409600K, used 194652K [0x00000000c0000000, 0x00000000d9000000, 0x00000000eab00000)
  object space 409600K, 47% used [0x00000000c0000000,0x00000000cbe17300,0x00000000d9000000)
 Metaspace       used 64974K, committed 66368K, reserved 1114112K
  class space    used 7861K, committed 8448K, reserved 1048576K
}
Event: 179.899 GC heap before
{Heap before GC invocations=679 (full 3):
 PSYoungGen      total 2048K, used 1600K [0x00000000eab00000, 0x00000000eae00000, 0x0000000100000000)
  eden space 1536K, 100% used [0x00000000eab00000,0x00000000eac80000,0x00000000eac80000)
  from space 512K, 12% used [0x00000000ead00000,0x00000000ead10000,0x00000000ead80000)
  to   space 512K, 0% used [0x00000000ead80000,0x00000000ead80000,0x00000000eae00000)
 ParOldGen       total 409600K, used 194652K [0x00000000c0000000, 0x00000000d9000000, 0x00000000eab00000)
  object space 409600K, 47% used [0x00000000c0000000,0x00000000cbe17300,0x00000000d9000000)
 Metaspace       used 64974K, committed 66368K, reserved 1114112K
  class space    used 7861K, committed 8448K, reserved 1048576K
}
Event: 179.901 GC heap after
{Heap after GC invocations=679 (full 3):
 PSYoungGen      total 2048K, used 96K [0x00000000eab00000, 0x00000000eae00000, 0x0000000100000000)
  eden space 1536K, 0% used [0x00000000eab00000,0x00000000eab00000,0x00000000eac80000)
  from space 512K, 18% used [0x00000000ead80000,0x00000000ead98000,0x00000000eae00000)
  to   space 512K, 0% used [0x00000000ead00000,0x00000000ead00000,0x00000000ead80000)
 ParOldGen       total 409600K, used 194668K [0x00000000c0000000, 0x00000000d9000000, 0x00000000eab00000)
  object space 409600K, 47% used [0x00000000c0000000,0x00000000cbe1b300,0x00000000d9000000)
 Metaspace       used 64974K, committed 66368K, reserved 1114112K
  class space    used 7861K, committed 8448K, reserved 1048576K
}
Event: 180.286 GC heap before
{Heap before GC invocations=680 (full 3):
 PSYoungGen      total 2048K, used 1631K [0x00000000eab00000, 0x00000000eae00000, 0x0000000100000000)
  eden space 1536K, 99% used [0x00000000eab00000,0x00000000eac7ffe8,0x00000000eac80000)
  from space 512K, 18% used [0x00000000ead80000,0x00000000ead98000,0x00000000eae00000)
  to   space 512K, 0% used [0x00000000ead00000,0x00000000ead00000,0x00000000ead80000)
 ParOldGen       total 409600K, used 194668K [0x00000000c0000000, 0x00000000d9000000, 0x00000000eab00000)
  object space 409600K, 47% used [0x00000000c0000000,0x00000000cbe1b300,0x00000000d9000000)
 Metaspace       used 64974K, committed 66368K, reserved 1114112K
  class space    used 7861K, committed 8448K, reserved 1048576K
}
Event: 180.288 GC heap after
{Heap after GC invocations=680 (full 3):
 PSYoungGen      total 2048K, used 64K [0x00000000eab00000, 0x00000000eae00000, 0x0000000100000000)
  eden space 1536K, 0% used [0x00000000eab00000,0x00000000eab00000,0x00000000eac80000)
  from space 512K, 12% used [0x00000000ead00000,0x00000000ead10000,0x00000000ead80000)
  to   space 512K, 0% used [0x00000000ead80000,0x00000000ead80000,0x00000000eae00000)
 ParOldGen       total 409600K, used 194676K [0x00000000c0000000, 0x00000000d9000000, 0x00000000eab00000)
  object space 409600K, 47% used [0x00000000c0000000,0x00000000cbe1d300,0x00000000d9000000)
 Metaspace       used 64974K, committed 66368K, reserved 1114112K
  class space    used 7861K, committed 8448K, reserved 1048576K
}
Event: 182.955 GC heap before
{Heap before GC invocations=681 (full 3):
 PSYoungGen      total 2048K, used 1600K [0x00000000eab00000, 0x00000000eae00000, 0x0000000100000000)
  eden space 1536K, 100% used [0x00000000eab00000,0x00000000eac80000,0x00000000eac80000)
  from space 512K, 12% used [0x00000000ead00000,0x00000000ead10000,0x00000000ead80000)
  to   space 512K, 0% used [0x00000000ead80000,0x00000000ead80000,0x00000000eae00000)
 ParOldGen       total 409600K, used 194676K [0x00000000c0000000, 0x00000000d9000000, 0x00000000eab00000)
  object space 409600K, 47% used [0x00000000c0000000,0x00000000cbe1d300,0x00000000d9000000)
 Metaspace       used 64974K, committed 66368K, reserved 1114112K
  class space    used 7861K, committed 8448K, reserved 1048576K
}
Event: 182.956 GC heap after
{Heap after GC invocations=681 (full 3):
 PSYoungGen      total 2048K, used 96K [0x00000000eab00000, 0x00000000eae00000, 0x0000000100000000)
  eden space 1536K, 0% used [0x00000000eab00000,0x00000000eab00000,0x00000000eac80000)
  from space 512K, 18% used [0x00000000ead80000,0x00000000ead98000,0x00000000eae00000)
  to   space 512K, 0% used [0x00000000ead00000,0x00000000ead00000,0x00000000ead80000)
 ParOldGen       total 409600K, used 194676K [0x00000000c0000000, 0x00000000d9000000, 0x00000000eab00000)
  object space 409600K, 47% used [0x00000000c0000000,0x00000000cbe1d300,0x00000000d9000000)
 Metaspace       used 64974K, committed 66368K, reserved 1114112K
  class space    used 7861K, committed 8448K, reserved 1048576K
}
Event: 183.624 GC heap before
{Heap before GC invocations=682 (full 3):
 PSYoungGen      total 2048K, used 1632K [0x00000000eab00000, 0x00000000eae00000, 0x0000000100000000)
  eden space 1536K, 100% used [0x00000000eab00000,0x00000000eac80000,0x00000000eac80000)
  from space 512K, 18% used [0x00000000ead80000,0x00000000ead98000,0x00000000eae00000)
  to   space 512K, 0% used [0x00000000ead00000,0x00000000ead00000,0x00000000ead80000)
 ParOldGen       total 409600K, used 194676K [0x00000000c0000000, 0x00000000d9000000, 0x00000000eab00000)
  object space 409600K, 47% used [0x00000000c0000000,0x00000000cbe1d300,0x00000000d9000000)
 Metaspace       used 64993K, committed 66368K, reserved 1114112K
  class space    used 7865K, committed 8448K, reserved 1048576K
}
Event: 183.625 GC heap after
{Heap after GC invocations=682 (full 3):
 PSYoungGen      total 2048K, used 128K [0x00000000eab00000, 0x00000000eae00000, 0x0000000100000000)
  eden space 1536K, 0% used [0x00000000eab00000,0x00000000eab00000,0x00000000eac80000)
  from space 512K, 25% used [0x00000000ead00000,0x00000000ead20000,0x00000000ead80000)
  to   space 512K, 0% used [0x00000000ead80000,0x00000000ead80000,0x00000000eae00000)
 ParOldGen       total 409600K, used 194676K [0x00000000c0000000, 0x00000000d9000000, 0x00000000eab00000)
  object space 409600K, 47% used [0x00000000c0000000,0x00000000cbe1d300,0x00000000d9000000)
 Metaspace       used 64993K, committed 66368K, reserved 1114112K
  class space    used 7865K, committed 8448K, reserved 1048576K
}
Event: 186.207 GC heap before
{Heap before GC invocations=683 (full 3):
 PSYoungGen      total 2048K, used 1664K [0x00000000eab00000, 0x00000000eae00000, 0x0000000100000000)
  eden space 1536K, 100% used [0x00000000eab00000,0x00000000eac80000,0x00000000eac80000)
  from space 512K, 25% used [0x00000000ead00000,0x00000000ead20000,0x00000000ead80000)
  to   space 512K, 0% used [0x00000000ead80000,0x00000000ead80000,0x00000000eae00000)
 ParOldGen       total 409600K, used 194676K [0x00000000c0000000, 0x00000000d9000000, 0x00000000eab00000)
  object space 409600K, 47% used [0x00000000c0000000,0x00000000cbe1d300,0x00000000d9000000)
 Metaspace       used 65021K, committed 66432K, reserved 1114112K
  class space    used 7868K, committed 8448K, reserved 1048576K
}
Event: 186.233 GC heap after
{Heap after GC invocations=683 (full 3):
 PSYoungGen      total 2048K, used 128K [0x00000000eab00000, 0x00000000eae00000, 0x0000000100000000)
  eden space 1536K, 0% used [0x00000000eab00000,0x00000000eab00000,0x00000000eac80000)
  from space 512K, 25% used [0x00000000ead80000,0x00000000eada0000,0x00000000eae00000)
  to   space 512K, 0% used [0x00000000ead00000,0x00000000ead00000,0x00000000ead80000)
 ParOldGen       total 409600K, used 194716K [0x00000000c0000000, 0x00000000d9000000, 0x00000000eab00000)
  object space 409600K, 47% used [0x00000000c0000000,0x00000000cbe27300,0x00000000d9000000)
 Metaspace       used 65021K, committed 66432K, reserved 1114112K
  class space    used 7868K, committed 8448K, reserved 1048576K
}
Event: 193.988 GC heap before
{Heap before GC invocations=684 (full 3):
 PSYoungGen      total 2048K, used 1664K [0x00000000eab00000, 0x00000000eae00000, 0x0000000100000000)
  eden space 1536K, 100% used [0x00000000eab00000,0x00000000eac80000,0x00000000eac80000)
  from space 512K, 25% used [0x00000000ead80000,0x00000000eada0000,0x00000000eae00000)
  to   space 512K, 0% used [0x00000000ead00000,0x00000000ead00000,0x00000000ead80000)
 ParOldGen       total 409600K, used 194716K [0x00000000c0000000, 0x00000000d9000000, 0x00000000eab00000)
  object space 409600K, 47% used [0x00000000c0000000,0x00000000cbe27300,0x00000000d9000000)
 Metaspace       used 65026K, committed 66432K, reserved 1114112K
  class space    used 7869K, committed 8448K, reserved 1048576K
}
Event: 193.991 GC heap after
{Heap after GC invocations=684 (full 3):
 PSYoungGen      total 2048K, used 96K [0x00000000eab00000, 0x00000000eae00000, 0x0000000100000000)
  eden space 1536K, 0% used [0x00000000eab00000,0x00000000eab00000,0x00000000eac80000)
  from space 512K, 18% used [0x00000000ead00000,0x00000000ead18000,0x00000000ead80000)
  to   space 512K, 0% used [0x00000000ead80000,0x00000000ead80000,0x00000000eae00000)
 ParOldGen       total 409600K, used 194772K [0x00000000c0000000, 0x00000000d9000000, 0x00000000eab00000)
  object space 409600K, 47% used [0x00000000c0000000,0x00000000cbe35300,0x00000000d9000000)
 Metaspace       used 65026K, committed 66432K, reserved 1114112K
  class space    used 7869K, committed 8448K, reserved 1048576K
}
Event: 194.037 GC heap before
{Heap before GC invocations=685 (full 3):
 PSYoungGen      total 2048K, used 1632K [0x00000000eab00000, 0x00000000eae00000, 0x0000000100000000)
  eden space 1536K, 100% used [0x00000000eab00000,0x00000000eac80000,0x00000000eac80000)
  from space 512K, 18% used [0x00000000ead00000,0x00000000ead18000,0x00000000ead80000)
  to   space 512K, 0% used [0x00000000ead80000,0x00000000ead80000,0x00000000eae00000)
 ParOldGen       total 409600K, used 194772K [0x00000000c0000000, 0x00000000d9000000, 0x00000000eab00000)
  object space 409600K, 47% used [0x00000000c0000000,0x00000000cbe35300,0x00000000d9000000)
 Metaspace       used 65026K, committed 66432K, reserved 1114112K
  class space    used 7869K, committed 8448K, reserved 1048576K
}
Event: 194.038 GC heap after
{Heap after GC invocations=685 (full 3):
 PSYoungGen      total 2048K, used 96K [0x00000000eab00000, 0x00000000eae00000, 0x0000000100000000)
  eden space 1536K, 0% used [0x00000000eab00000,0x00000000eab00000,0x00000000eac80000)
  from space 512K, 18% used [0x00000000ead80000,0x00000000ead98000,0x00000000eae00000)
  to   space 512K, 0% used [0x00000000ead00000,0x00000000ead00000,0x00000000ead80000)
 ParOldGen       total 409600K, used 194804K [0x00000000c0000000, 0x00000000d9000000, 0x00000000eab00000)
  object space 409600K, 47% used [0x00000000c0000000,0x00000000cbe3d300,0x00000000d9000000)
 Metaspace       used 65026K, committed 66432K, reserved 1114112K
  class space    used 7869K, committed 8448K, reserved 1048576K
}

