# JRE version: OpenJDK Runtime Environment Temurin-17.0.14+7 (17.0.14+7) (build 17.0.14+7)
# Java VM: OpenJDK 64-Bit Server VM Temurin-17.0.14+7 (17.0.14+7, mixed mode, sharing, tiered, compressed oops, compressed class ptrs, g1 gc, windows-amd64)
GC Precious Log:
 CPUs: 4 total, 4 available
 Memory: 7987M
 Large Page Support: Disabled
 NUMA Support: Disabled
 Compressed Oops: Enabled (32-bit)
 Heap Region Size: 1M
 Heap Min Capacity: 8M
 Heap Initial Capacity: 126M
 Heap Max Capacity: 2G
 Pre-touch: Disabled
 Parallel Workers: 4
 Concurrent Workers: 1
 Concurrent Refinement Workers: 4
 Periodic GC: Disabled
Heap:
 garbage-first heap   total 117760K, used 83879K [0x0000000080000000, 0x0000000100000000)
  region size 1024K, 20 young (20480K), 3 survivors (3072K)
 Metaspace       used 64497K, committed 65344K, reserved 491520K
  class space    used 9073K, committed 9472K, reserved 425984K
GC Heap History (20 events):
Event: 12.042 GC heap before
{Heap before GC invocations=9 (full 0):
 garbage-first heap   total 96256K, used 62021K [0x0000000080000000, 0x0000000100000000)
  region size 1024K, 31 young (31744K), 5 survivors (5120K)
 Metaspace       used 35794K, committed 36160K, reserved 491520K
  class space    used 4933K, committed 5120K, reserved 425984K
}
Event: 12.061 GC heap after
{Heap after GC invocations=10 (full 0):
 garbage-first heap   total 96256K, used 34354K [0x0000000080000000, 0x0000000100000000)
  region size 1024K, 4 young (4096K), 4 survivors (4096K)
 Metaspace       used 35794K, committed 36160K, reserved 491520K
  class space    used 4933K, committed 5120K, reserved 425984K
}
Event: 26.475 GC heap before
{Heap before GC invocations=11 (full 0):
 garbage-first heap   total 96256K, used 72242K [0x0000000080000000, 0x0000000100000000)
  region size 1024K, 41 young (41984K), 4 survivors (4096K)
 Metaspace       used 37271K, committed 37760K, reserved 491520K
  class space    used 5164K, committed 5376K, reserved 425984K
}
Event: 26.493 GC heap after
{Heap after GC invocations=12 (full 0):
 garbage-first heap   total 96256K, used 37819K [0x0000000080000000, 0x0000000100000000)
  region size 1024K, 4 young (4096K), 4 survivors (4096K)
 Metaspace       used 37271K, committed 37760K, reserved 491520K
  class space    used 5164K, committed 5376K, reserved 425984K
}
Event: 28.064 GC heap before
{Heap before GC invocations=12 (full 0):
 garbage-first heap   total 96256K, used 73659K [0x0000000080000000, 0x0000000100000000)
  region size 1024K, 38 young (38912K), 4 survivors (4096K)
 Metaspace       used 40509K, committed 41024K, reserved 491520K
  class space    used 5585K, committed 5824K, reserved 425984K
}
Event: 28.081 GC heap after
{Heap after GC invocations=13 (full 0):
 garbage-first heap   total 96256K, used 39299K [0x0000000080000000, 0x0000000100000000)
  region size 1024K, 2 young (2048K), 2 survivors (2048K)
 Metaspace       used 40509K, committed 41024K, reserved 491520K
  class space    used 5585K, committed 5824K, reserved 425984K
}
Event: 29.727 GC heap before
{Heap before GC invocations=13 (full 0):
 garbage-first heap   total 96256K, used 74115K [0x0000000080000000, 0x0000000100000000)
  region size 1024K, 36 young (36864K), 2 survivors (2048K)
 Metaspace       used 44042K, committed 44736K, reserved 491520K
  class space    used 6140K, committed 6464K, reserved 425984K
}
Event: 29.737 GC heap after
{Heap after GC invocations=14 (full 0):
 garbage-first heap   total 115712K, used 40509K [0x0000000080000000, 0x0000000100000000)
  region size 1024K, 3 young (3072K), 3 survivors (3072K)
 Metaspace       used 44042K, committed 44736K, reserved 491520K
  class space    used 6140K, committed 6464K, reserved 425984K
}
Event: 32.838 GC heap before
{Heap before GC invocations=14 (full 0):
 garbage-first heap   total 115712K, used 88637K [0x0000000080000000, 0x0000000100000000)
  region size 1024K, 50 young (51200K), 3 survivors (3072K)
 Metaspace       used 48438K, committed 49088K, reserved 491520K
  class space    used 6785K, committed 7104K, reserved 425984K
}
Event: 32.859 GC heap after
{Heap after GC invocations=15 (full 0):
 garbage-first heap   total 115712K, used 44251K [0x0000000080000000, 0x0000000100000000)
  region size 1024K, 7 young (7168K), 7 survivors (7168K)
 Metaspace       used 48438K, committed 49088K, reserved 491520K
  class space    used 6785K, committed 7104K, reserved 425984K
}
Event: 36.782 GC heap before
{Heap before GC invocations=15 (full 0):
 garbage-first heap   total 115712K, used 97499K [0x0000000080000000, 0x0000000100000000)
  region size 1024K, 51 young (52224K), 7 survivors (7168K)
 Metaspace       used 52105K, committed 52928K, reserved 491520K
  class space    used 7275K, committed 7680K, reserved 425984K
}
Event: 36.808 GC heap after
{Heap after GC invocations=16 (full 0):
 garbage-first heap   total 115712K, used 56618K [0x0000000080000000, 0x0000000100000000)
  region size 1024K, 5 young (5120K), 5 survivors (5120K)
 Metaspace       used 52105K, committed 52928K, reserved 491520K
  class space    used 7275K, committed 7680K, reserved 425984K
}
Event: 38.837 GC heap before
{Heap before GC invocations=16 (full 0):
 garbage-first heap   total 115712K, used 90410K [0x0000000080000000, 0x0000000100000000)
  region size 1024K, 39 young (39936K), 5 survivors (5120K)
 Metaspace       used 55254K, committed 56064K, reserved 491520K
  class space    used 7788K, committed 8128K, reserved 425984K
}
Event: 38.852 GC heap after
{Heap after GC invocations=17 (full 0):
 garbage-first heap   total 115712K, used 58874K [0x0000000080000000, 0x0000000100000000)
  region size 1024K, 2 young (2048K), 2 survivors (2048K)
 Metaspace       used 55254K, committed 56064K, reserved 491520K
  class space    used 7788K, committed 8128K, reserved 425984K
}
Event: 40.585 GC heap before
{Heap before GC invocations=18 (full 0):
 garbage-first heap   total 115712K, used 97786K [0x0000000080000000, 0x0000000100000000)
  region size 1024K, 36 young (36864K), 2 survivors (2048K)
 Metaspace       used 57884K, committed 58688K, reserved 491520K
  class space    used 8149K, committed 8512K, reserved 425984K
}
Event: 40.599 GC heap after
{Heap after GC invocations=19 (full 0):
 garbage-first heap   total 115712K, used 64404K [0x0000000080000000, 0x0000000100000000)
  region size 1024K, 3 young (3072K), 3 survivors (3072K)
 Metaspace       used 57884K, committed 58688K, reserved 491520K
  class space    used 8149K, committed 8512K, reserved 425984K
}
Event: 41.953 GC heap before
{Heap before GC invocations=19 (full 0):
 garbage-first heap   total 115712K, used 96148K [0x0000000080000000, 0x0000000100000000)
  region size 1024K, 34 young (34816K), 3 survivors (3072K)
 Metaspace       used 61446K, committed 62208K, reserved 491520K
  class space    used 8625K, committed 8960K, reserved 425984K
}
Event: 41.967 GC heap after
{Heap after GC invocations=20 (full 0):
 garbage-first heap   total 115712K, used 65650K [0x0000000080000000, 0x0000000100000000)
  region size 1024K, 3 young (3072K), 3 survivors (3072K)
 Metaspace       used 61446K, committed 62208K, reserved 491520K
  class space    used 8625K, committed 8960K, reserved 425984K
}
Event: 44.147 GC heap before
{Heap before GC invocations=21 (full 0):
 garbage-first heap   total 117760K, used 95346K [0x0000000080000000, 0x0000000100000000)
  region size 1024K, 33 young (33792K), 3 survivors (3072K)
 Metaspace       used 63293K, committed 64064K, reserved 491520K
  class space    used 8887K, committed 9216K, reserved 425984K
}
Event: 44.163 GC heap after
{Heap after GC invocations=22 (full 0):
 garbage-first heap   total 117760K, used 67495K [0x0000000080000000, 0x0000000100000000)
  region size 1024K, 3 young (3072K), 3 survivors (3072K)
 Metaspace       used 63293K, committed 64064K, reserved 491520K
  class space    used 8887K, committed 9216K, reserved 425984K
}

