# JRE version: OpenJDK Runtime Environment Temurin-17.0.14+7 (17.0.14+7) (build 17.0.14+7)
# Java VM: OpenJDK 64-Bit Server VM Temurin-17.0.14+7 (17.0.14+7, mixed mode, sharing, tiered, compressed oops, compressed class ptrs, g1 gc, windows-amd64)
GC Precious Log:
 CPUs: 4 total, 4 available
 Memory: 7987M
 Large Page Support: Disabled
 NUMA Support: Disabled
 Compressed Oops: Enabled (32-bit)
 Heap Region Size: 1M
 Heap Min Capacity: 8M
 Heap Initial Capacity: 126M
 Heap Max Capacity: 2G
 Pre-touch: Disabled
 Parallel Workers: 4
 Concurrent Workers: 1
 Concurrent Refinement Workers: 4
 Periodic GC: Disabled
Heap:
 garbage-first heap   total 252928K, used 181330K [0x0000000080000000, 0x0000000100000000)
  region size 1024K, 15 young (15360K), 6 survivors (6144K)
 Metaspace       used 99842K, committed 101376K, reserved 557056K
  class space    used 14109K, committed 14784K, reserved 425984K
GC Heap History (20 events):
Event: 106.549 GC heap before
{Heap before GC invocations=60 (full 0):
 garbage-first heap   total 208896K, used 130882K [0x0000000080000000, 0x0000000100000000)
  region size 1024K, 10 young (10240K), 7 survivors (7168K)
 Metaspace       used 95373K, committed 96448K, reserved 557056K
  class space    used 13430K, committed 13952K, reserved 425984K
}
Event: 106.559 GC heap after
{Heap after GC invocations=61 (full 0):
 garbage-first heap   total 208896K, used 128600K [0x0000000080000000, 0x0000000100000000)
  region size 1024K, 1 young (1024K), 1 survivors (1024K)
 Metaspace       used 95373K, committed 96448K, reserved 557056K
  class space    used 13430K, committed 13952K, reserved 425984K
}
Event: 107.919 GC heap before
{Heap before GC invocations=61 (full 0):
 garbage-first heap   total 208896K, used 175704K [0x0000000080000000, 0x0000000100000000)
  region size 1024K, 47 young (48128K), 1 survivors (1024K)
 Metaspace       used 96716K, committed 97856K, reserved 557056K
  class space    used 13688K, committed 14208K, reserved 425984K
}
Event: 107.925 GC heap after
{Heap after GC invocations=62 (full 0):
 garbage-first heap   total 208896K, used 131222K [0x0000000080000000, 0x0000000100000000)
  region size 1024K, 4 young (4096K), 4 survivors (4096K)
 Metaspace       used 96716K, committed 97856K, reserved 557056K
  class space    used 13688K, committed 14208K, reserved 425984K
}
Event: 110.047 GC heap before
{Heap before GC invocations=63 (full 0):
 garbage-first heap   total 227328K, used 176278K [0x0000000080000000, 0x0000000100000000)
  region size 1024K, 48 young (49152K), 4 survivors (4096K)
 Metaspace       used 97117K, committed 98304K, reserved 557056K
  class space    used 13728K, committed 14272K, reserved 425984K
}
Event: 110.056 GC heap after
{Heap after GC invocations=64 (full 0):
 garbage-first heap   total 227328K, used 136479K [0x0000000080000000, 0x0000000100000000)
  region size 1024K, 6 young (6144K), 6 survivors (6144K)
 Metaspace       used 97117K, committed 98304K, reserved 557056K
  class space    used 13728K, committed 14272K, reserved 425984K
}
Event: 111.932 GC heap before
{Heap before GC invocations=64 (full 0):
 garbage-first heap   total 227328K, used 188703K [0x0000000080000000, 0x0000000100000000)
  region size 1024K, 57 young (58368K), 6 survivors (6144K)
 Metaspace       used 97701K, committed 98944K, reserved 557056K
  class space    used 13810K, committed 14400K, reserved 425984K
}
Event: 111.949 GC heap after
{Heap after GC invocations=65 (full 0):
 garbage-first heap   total 227328K, used 142656K [0x0000000080000000, 0x0000000100000000)
  region size 1024K, 8 young (8192K), 8 survivors (8192K)
 Metaspace       used 97701K, committed 98944K, reserved 557056K
  class space    used 13810K, committed 14400K, reserved 425984K
}
Event: 115.463 GC heap before
{Heap before GC invocations=65 (full 0):
 garbage-first heap   total 227328K, used 188736K [0x0000000080000000, 0x0000000100000000)
  region size 1024K, 53 young (54272K), 8 survivors (8192K)
 Metaspace       used 98257K, committed 99520K, reserved 557056K
  class space    used 13896K, committed 14464K, reserved 425984K
}
Event: 115.478 GC heap after
{Heap after GC invocations=66 (full 0):
 garbage-first heap   total 227328K, used 148875K [0x0000000080000000, 0x0000000100000000)
  region size 1024K, 6 young (6144K), 6 survivors (6144K)
 Metaspace       used 98257K, committed 99520K, reserved 557056K
  class space    used 13896K, committed 14464K, reserved 425984K
}
Event: 117.845 GC heap before
{Heap before GC invocations=67 (full 0):
 garbage-first heap   total 252928K, used 188811K [0x0000000080000000, 0x0000000100000000)
  region size 1024K, 46 young (47104K), 6 survivors (6144K)
 Metaspace       used 98681K, committed 99968K, reserved 557056K
  class space    used 13942K, committed 14528K, reserved 425984K
}
Event: 117.855 GC heap after
{Heap after GC invocations=68 (full 0):
 garbage-first heap   total 252928K, used 154201K [0x0000000080000000, 0x0000000100000000)
  region size 1024K, 6 young (6144K), 6 survivors (6144K)
 Metaspace       used 98681K, committed 99968K, reserved 557056K
  class space    used 13942K, committed 14528K, reserved 425984K
}
Event: 118.215 GC heap before
{Heap before GC invocations=68 (full 0):
 garbage-first heap   total 252928K, used 159321K [0x0000000080000000, 0x0000000100000000)
  region size 1024K, 12 young (12288K), 6 survivors (6144K)
 Metaspace       used 98801K, committed 100096K, reserved 557056K
  class space    used 13957K, committed 14528K, reserved 425984K
}
Event: 118.222 GC heap after
{Heap after GC invocations=69 (full 0):
 garbage-first heap   total 252928K, used 154832K [0x0000000080000000, 0x0000000100000000)
  region size 1024K, 2 young (2048K), 2 survivors (2048K)
 Metaspace       used 98801K, committed 100096K, reserved 557056K
  class space    used 13957K, committed 14528K, reserved 425984K
}
Event: 120.755 GC heap before
{Heap before GC invocations=69 (full 0):
 garbage-first heap   total 252928K, used 208080K [0x0000000080000000, 0x0000000100000000)
  region size 1024K, 54 young (55296K), 2 survivors (2048K)
 Metaspace       used 99070K, committed 100416K, reserved 557056K
  class space    used 13987K, committed 14592K, reserved 425984K
}
Event: 120.763 GC heap after
{Heap after GC invocations=70 (full 0):
 garbage-first heap   total 252928K, used 160990K [0x0000000080000000, 0x0000000100000000)
  region size 1024K, 7 young (7168K), 7 survivors (7168K)
 Metaspace       used 99070K, committed 100416K, reserved 557056K
  class space    used 13987K, committed 14592K, reserved 425984K
}
Event: 122.749 GC heap before
{Heap before GC invocations=70 (full 0):
 garbage-first heap   total 252928K, used 210142K [0x0000000080000000, 0x0000000100000000)
  region size 1024K, 55 young (56320K), 7 survivors (7168K)
 Metaspace       used 99438K, committed 100864K, reserved 557056K
  class space    used 14040K, committed 14656K, reserved 425984K
}
Event: 122.765 GC heap after
{Heap after GC invocations=71 (full 0):
 garbage-first heap   total 252928K, used 167137K [0x0000000080000000, 0x0000000100000000)
  region size 1024K, 6 young (6144K), 6 survivors (6144K)
 Metaspace       used 99438K, committed 100864K, reserved 557056K
  class space    used 14040K, committed 14656K, reserved 425984K
}
Event: 124.837 GC heap before
{Heap before GC invocations=71 (full 0):
 garbage-first heap   total 252928K, used 210145K [0x0000000080000000, 0x0000000100000000)
  region size 1024K, 49 young (50176K), 6 survivors (6144K)
 Metaspace       used 99786K, committed 101248K, reserved 557056K
  class space    used 14100K, committed 14720K, reserved 425984K
}
Event: 124.850 GC heap after
{Heap after GC invocations=72 (full 0):
 garbage-first heap   total 252928K, used 173138K [0x0000000080000000, 0x0000000100000000)
  region size 1024K, 6 young (6144K), 6 survivors (6144K)
 Metaspace       used 99786K, committed 101248K, reserved 557056K
  class space    used 14100K, committed 14720K, reserved 425984K
}

