# JRE version: OpenJDK Runtime Environment Temurin-17.0.14+7 (17.0.14+7) (build 17.0.14+7)
# Java VM: OpenJDK 64-Bit Server VM Temurin-17.0.14+7 (17.0.14+7, mixed mode, sharing, tiered, compressed oops, compressed class ptrs, g1 gc, windows-amd64)
GC Precious Log:
 CPUs: 4 total, 4 available
 Memory: 7987M
 Large Page Support: Disabled
 NUMA Support: Disabled
 Compressed Oops: Enabled (32-bit)
 Heap Region Size: 1M
 Heap Min Capacity: 8M
 Heap Initial Capacity: 126M
 Heap Max Capacity: 2G
 Pre-touch: Disabled
 Parallel Workers: 4
 Concurrent Workers: 1
 Concurrent Refinement Workers: 4
 Periodic GC: Disabled
Heap:
 garbage-first heap   total 562176K, used 342644K [0x0000000080000000, 0x0000000100000000)
  region size 1024K, 40 young (40960K), 4 survivors (4096K)
 Metaspace       used 158276K, committed 161984K, reserved 622592K
  class space    used 21601K, committed 23040K, reserved 425984K
GC Heap History (20 events):
Event: 5858.681 GC heap before
{Heap before GC invocations=102 (full 1):
 garbage-first heap   total 508928K, used 405620K [0x0000000080000000, 0x0000000100000000)
  region size 1024K, 172 young (176128K), 8 survivors (8192K)
 Metaspace       used 157264K, committed 160000K, reserved 622592K
  class space    used 21565K, committed 22720K, reserved 425984K
}
Event: 5858.707 GC heap after
{Heap after GC invocations=103 (full 1):
 garbage-first heap   total 508928K, used 258164K [0x0000000080000000, 0x0000000100000000)
  region size 1024K, 22 young (22528K), 22 survivors (22528K)
 Metaspace       used 157264K, committed 160000K, reserved 622592K
  class space    used 21565K, committed 22720K, reserved 425984K
}
Event: 5860.618 GC heap before
{Heap before GC invocations=103 (full 1):
 garbage-first heap   total 508928K, used 406644K [0x0000000080000000, 0x0000000100000000)
  region size 1024K, 167 young (171008K), 22 survivors (22528K)
 Metaspace       used 157440K, committed 160192K, reserved 622592K
  class space    used 21567K, committed 22720K, reserved 425984K
}
Event: 5860.682 GC heap after
{Heap after GC invocations=104 (full 1):
 garbage-first heap   total 508928K, used 294488K [0x0000000080000000, 0x0000000100000000)
  region size 1024K, 21 young (21504K), 21 survivors (21504K)
 Metaspace       used 157440K, committed 160192K, reserved 622592K
  class space    used 21567K, committed 22720K, reserved 425984K
}
Event: 5862.883 GC heap before
{Heap before GC invocations=104 (full 1):
 garbage-first heap   total 508928K, used 403032K [0x0000000080000000, 0x0000000100000000)
  region size 1024K, 127 young (130048K), 21 survivors (21504K)
 Metaspace       used 157496K, committed 160192K, reserved 622592K
  class space    used 21569K, committed 22720K, reserved 425984K
}
Event: 5862.919 GC heap after
{Heap after GC invocations=105 (full 1):
 garbage-first heap   total 508928K, used 298157K [0x0000000080000000, 0x0000000100000000)
  region size 1024K, 5 young (5120K), 5 survivors (5120K)
 Metaspace       used 157496K, committed 160192K, reserved 622592K
  class space    used 21569K, committed 22720K, reserved 425984K
}
Event: 5866.336 GC heap before
{Heap before GC invocations=105 (full 1):
 garbage-first heap   total 508928K, used 409773K [0x0000000080000000, 0x0000000100000000)
  region size 1024K, 114 young (116736K), 5 survivors (5120K)
 Metaspace       used 157496K, committed 160256K, reserved 622592K
  class space    used 21569K, committed 22720K, reserved 425984K
}
Event: 5866.341 GC heap after
{Heap after GC invocations=106 (full 1):
 garbage-first heap   total 508928K, used 298464K [0x0000000080000000, 0x0000000100000000)
  region size 1024K, 5 young (5120K), 5 survivors (5120K)
 Metaspace       used 157496K, committed 160256K, reserved 622592K
  class space    used 21569K, committed 22720K, reserved 425984K
}
Event: 6019.045 GC heap before
{Heap before GC invocations=106 (full 1):
 garbage-first heap   total 508928K, used 416224K [0x0000000080000000, 0x0000000100000000)
  region size 1024K, 121 young (123904K), 5 survivors (5120K)
 Metaspace       used 157704K, committed 160576K, reserved 622592K
  class space    used 21613K, committed 22848K, reserved 425984K
}
Event: 6019.050 GC heap after
{Heap after GC invocations=107 (full 1):
 garbage-first heap   total 508928K, used 299880K [0x0000000080000000, 0x0000000100000000)
  region size 1024K, 7 young (7168K), 7 survivors (7168K)
 Metaspace       used 157704K, committed 160576K, reserved 622592K
  class space    used 21613K, committed 22848K, reserved 425984K
}
Event: 6069.282 GC heap before
{Heap before GC invocations=107 (full 1):
 garbage-first heap   total 508928K, used 419688K [0x0000000080000000, 0x0000000100000000)
  region size 1024K, 125 young (128000K), 7 survivors (7168K)
 Metaspace       used 158520K, committed 161536K, reserved 622592K
  class space    used 21744K, committed 23040K, reserved 425984K
}
Event: 6069.305 GC heap after
{Heap after GC invocations=108 (full 1):
 garbage-first heap   total 508928K, used 309876K [0x0000000080000000, 0x0000000100000000)
  region size 1024K, 16 young (16384K), 16 survivors (16384K)
 Metaspace       used 158520K, committed 161536K, reserved 622592K
  class space    used 21744K, committed 23040K, reserved 425984K
}
Event: 6074.380 GC heap before
{Heap before GC invocations=108 (full 1):
 garbage-first heap   total 508928K, used 421492K [0x0000000080000000, 0x0000000100000000)
  region size 1024K, 125 young (128000K), 16 survivors (16384K)
 Metaspace       used 158613K, committed 161600K, reserved 622592K
  class space    used 21745K, committed 23040K, reserved 425984K
}
Event: 6074.482 GC heap after
{Heap after GC invocations=109 (full 1):
 garbage-first heap   total 508928K, used 327895K [0x0000000080000000, 0x0000000100000000)
  region size 1024K, 16 young (16384K), 16 survivors (16384K)
 Metaspace       used 158613K, committed 161600K, reserved 622592K
  class space    used 21745K, committed 23040K, reserved 425984K
}
Event: 6075.329 GC heap before
{Heap before GC invocations=109 (full 1):
 garbage-first heap   total 508928K, used 419031K [0x0000000080000000, 0x0000000100000000)
  region size 1024K, 106 young (108544K), 16 survivors (16384K)
 Metaspace       used 158718K, committed 161728K, reserved 622592K
  class space    used 21745K, committed 23040K, reserved 425984K
}
Event: 6075.359 GC heap after
{Heap after GC invocations=110 (full 1):
 garbage-first heap   total 508928K, used 341620K [0x0000000080000000, 0x0000000100000000)
  region size 1024K, 14 young (14336K), 14 survivors (14336K)
 Metaspace       used 158718K, committed 161728K, reserved 622592K
  class space    used 21745K, committed 23040K, reserved 425984K
}
Event: 6076.467 GC heap before
{Heap before GC invocations=110 (full 1):
 garbage-first heap   total 508928K, used 422516K [0x0000000080000000, 0x0000000100000000)
  region size 1024K, 93 young (95232K), 14 survivors (14336K)
 Metaspace       used 158881K, committed 161856K, reserved 622592K
  class space    used 21746K, committed 23040K, reserved 425984K
}
Event: 6076.502 GC heap after
{Heap after GC invocations=111 (full 1):
 garbage-first heap   total 508928K, used 363124K [0x0000000080000000, 0x0000000100000000)
  region size 1024K, 12 young (12288K), 12 survivors (12288K)
 Metaspace       used 158881K, committed 161856K, reserved 622592K
  class space    used 21746K, committed 23040K, reserved 425984K
}
Event: 6078.190 GC heap before
{Heap before GC invocations=111 (full 1):
 garbage-first heap   total 508928K, used 423540K [0x0000000080000000, 0x0000000100000000)
  region size 1024K, 71 young (72704K), 12 survivors (12288K)
 Metaspace       used 158913K, committed 161920K, reserved 622592K
  class space    used 21746K, committed 23040K, reserved 425984K
}
Event: 6078.230 GC heap after
{Heap after GC invocations=112 (full 1):
 garbage-first heap   total 508928K, used 368244K [0x0000000080000000, 0x0000000100000000)
  region size 1024K, 4 young (4096K), 4 survivors (4096K)
 Metaspace       used 158913K, committed 161920K, reserved 622592K
  class space    used 21746K, committed 23040K, reserved 425984K
}

